[0.016s] Invoking command in '/home/joshua/Desktop/rocker_bogie_simulation/build/rover_control': CMAKE_PREFIX_PATH=${CMAKE_PREFIX_PATH}:/opt/ros/humble /usr/bin/cmake /home/joshua/Desktop/rocker_bogie_simulation/src/rover_control -DCMAKE_INSTALL_PREFIX=/home/joshua/Desktop/rocker_bogie_simulation/install/rover_control
[0.076s] -- The C compiler identification is GNU 11.4.0
[0.133s] -- The CXX compiler identification is GNU 11.4.0
[0.142s] -- Detecting C compiler ABI info
[0.218s] -- Detecting C compiler ABI info - done
[0.225s] -- Check for working C compiler: /usr/bin/cc - skipped
[0.225s] -- Detecting C compile features
[0.225s] -- Detecting C compile features - done
[0.228s] -- Detecting CXX compiler ABI info
[0.323s] -- Detecting CXX compiler ABI info - done
[0.335s] -- Check for working CXX compiler: /usr/bin/c++ - skipped
[0.335s] -- Detecting CXX compile features
[0.336s] -- Detecting CXX compile features - done
[0.339s] -- Found ament_cmake: 1.3.9 (/opt/ros/humble/share/ament_cmake/cmake)
[0.474s] -- Found Python3: /usr/bin/python3 (found version "3.10.12") found components: Interpreter 
[0.558s] -- Found controller_manager: 2.41.0 (/opt/ros/humble/share/controller_manager/cmake)
[0.629s] -- Found rosidl_generator_c: 3.1.5 (/opt/ros/humble/share/rosidl_generator_c/cmake)
[0.633s] -- Found rosidl_adapter: 3.1.5 (/opt/ros/humble/share/rosidl_adapter/cmake)
[0.646s] -- Found rosidl_generator_cpp: 3.1.5 (/opt/ros/humble/share/rosidl_generator_cpp/cmake)
[0.672s] -- Using all available rosidl_typesupport_c: rosidl_typesupport_fastrtps_c;rosidl_typesupport_introspection_c
[0.699s] -- Using all available rosidl_typesupport_cpp: rosidl_typesupport_fastrtps_cpp;rosidl_typesupport_introspection_cpp
[1.419s] -- Found rmw_implementation_cmake: 6.1.2 (/opt/ros/humble/share/rmw_implementation_cmake/cmake)
[1.421s] -- Found rmw_fastrtps_cpp: 6.2.6 (/opt/ros/humble/share/rmw_fastrtps_cpp/cmake)
[1.463s] -- Found TinyXML2 via Config file: TinyXML2_DIR-NOTFOUND
[1.515s] -- Found OpenSSL: /usr/lib/x86_64-linux-gnu/libcrypto.so (found version "3.0.2")  
[1.517s] -- Found TinyXML2 via Config file: TinyXML2_DIR-NOTFOUND
[1.531s] -- Found FastRTPS: /opt/ros/humble/include  
[1.540s] -- Found TinyXML2 via Config file: TinyXML2_DIR-NOTFOUND
[1.548s] -- Found TinyXML2 via Config file: TinyXML2_DIR-NOTFOUND
[1.558s] -- Using RMW implementation 'rmw_fastrtps_cpp' as default
[1.567s] -- Looking for pthread.h
[1.644s] -- Looking for pthread.h - found
[1.644s] -- Performing Test CMAKE_HAVE_LIBC_PTHREAD
[1.726s] -- Performing Test CMAKE_HAVE_LIBC_PTHREAD - Success
[1.727s] -- Found Threads: TRUE  
[2.446s] -- Found ros2_control: 2.41.0 (/opt/ros/humble/share/ros2_control/cmake)
[2.447s] -- Found ros2_controllers: 2.35.0 (/opt/ros/humble/share/ros2_controllers/cmake)
[2.449s] -- Found robot_state_publisher: 3.0.3 (/opt/ros/humble/share/robot_state_publisher/cmake)
[2.469s] -- Found eigen3_cmake_module: 0.1.1 (/opt/ros/humble/share/eigen3_cmake_module/cmake)
[2.470s] -- Found Eigen3: TRUE (found version "3.4.0") 
[2.470s] -- Ensuring Eigen3 include directory is part of orocos-kdl CMake target
[2.777s] -- Found ament_lint_auto: 0.12.11 (/opt/ros/humble/share/ament_lint_auto/cmake)
[2.857s] -- Added test 'flake8' to check Python code syntax and style conventions
[2.858s] -- Added test 'lint_cmake' to check CMake code style
[2.858s] -- Added test 'pep257' to check Python code against some of the docstring style conventions in PEP 257
[2.860s] -- Added test 'xmllint' to check XML markup files
[2.861s] -- Configuring done
[2.868s] -- Generating done
[2.871s] -- Build files have been written to: /home/joshua/Desktop/rocker_bogie_simulation/build/rover_control
[2.882s] Invoked command in '/home/joshua/Desktop/rocker_bogie_simulation/build/rover_control' returned '0': CMAKE_PREFIX_PATH=${CMAKE_PREFIX_PATH}:/opt/ros/humble /usr/bin/cmake /home/joshua/Desktop/rocker_bogie_simulation/src/rover_control -DCMAKE_INSTALL_PREFIX=/home/joshua/Desktop/rocker_bogie_simulation/install/rover_control
[2.883s] Invoking command in '/home/joshua/Desktop/rocker_bogie_simulation/build/rover_control': CMAKE_PREFIX_PATH=${CMAKE_PREFIX_PATH}:/opt/ros/humble /usr/bin/cmake --build /home/joshua/Desktop/rocker_bogie_simulation/build/rover_control -- -j8 -l8
[2.929s] Invoked command in '/home/joshua/Desktop/rocker_bogie_simulation/build/rover_control' returned '0': CMAKE_PREFIX_PATH=${CMAKE_PREFIX_PATH}:/opt/ros/humble /usr/bin/cmake --build /home/joshua/Desktop/rocker_bogie_simulation/build/rover_control -- -j8 -l8
[2.952s] Invoking command in '/home/joshua/Desktop/rocker_bogie_simulation/build/rover_control': CMAKE_PREFIX_PATH=${CMAKE_PREFIX_PATH}:/opt/ros/humble /usr/bin/cmake --install /home/joshua/Desktop/rocker_bogie_simulation/build/rover_control
[2.960s] -- Install configuration: ""
[2.961s] -- Installing: /home/joshua/Desktop/rocker_bogie_simulation/install/rover_control/share/ament_index/resource_index/package_run_dependencies/rover_control
[2.961s] -- Installing: /home/joshua/Desktop/rocker_bogie_simulation/install/rover_control/share/ament_index/resource_index/parent_prefix_path/rover_control
[2.961s] -- Installing: /home/joshua/Desktop/rocker_bogie_simulation/install/rover_control/share/rover_control/environment/ament_prefix_path.sh
[2.961s] -- Installing: /home/joshua/Desktop/rocker_bogie_simulation/install/rover_control/share/rover_control/environment/ament_prefix_path.dsv
[2.961s] -- Installing: /home/joshua/Desktop/rocker_bogie_simulation/install/rover_control/share/rover_control/environment/path.sh
[2.961s] -- Installing: /home/joshua/Desktop/rocker_bogie_simulation/install/rover_control/share/rover_control/environment/path.dsv
[2.962s] -- Installing: /home/joshua/Desktop/rocker_bogie_simulation/install/rover_control/share/rover_control/local_setup.bash
[2.962s] -- Installing: /home/joshua/Desktop/rocker_bogie_simulation/install/rover_control/share/rover_control/local_setup.sh
[2.962s] -- Installing: /home/joshua/Desktop/rocker_bogie_simulation/install/rover_control/share/rover_control/local_setup.zsh
[2.962s] -- Installing: /home/joshua/Desktop/rocker_bogie_simulation/install/rover_control/share/rover_control/local_setup.dsv
[2.962s] -- Installing: /home/joshua/Desktop/rocker_bogie_simulation/install/rover_control/share/rover_control/package.dsv
[2.962s] -- Installing: /home/joshua/Desktop/rocker_bogie_simulation/install/rover_control/share/ament_index/resource_index/packages/rover_control
[2.962s] -- Installing: /home/joshua/Desktop/rocker_bogie_simulation/install/rover_control/share/rover_control/cmake/rover_controlConfig.cmake
[2.962s] -- Installing: /home/joshua/Desktop/rocker_bogie_simulation/install/rover_control/share/rover_control/cmake/rover_controlConfig-version.cmake
[2.963s] -- Installing: /home/joshua/Desktop/rocker_bogie_simulation/install/rover_control/share/rover_control/package.xml
[2.965s] Invoked command in '/home/joshua/Desktop/rocker_bogie_simulation/build/rover_control' returned '0': CMAKE_PREFIX_PATH=${CMAKE_PREFIX_PATH}:/opt/ros/humble /usr/bin/cmake --install /home/joshua/Desktop/rocker_bogie_simulation/build/rover_control
