[0.095s] DEBUG:colcon:Command line arguments: ['/usr/bin/colcon', 'build']
[0.095s] DEBUG:colcon:Parsed command line arguments: Namespace(log_base=None, log_level=None, verb_name='build', build_base='build', install_base='install', merge_install=False, symlink_install=False, test_result_base=None, continue_on_error=False, executor='parallel', parallel_workers=8, event_handlers=None, ignore_user_meta=False, metas=['./colcon.meta'], base_paths=['.'], packages_ignore=None, packages_ignore_regex=None, paths=None, packages_up_to=None, packages_up_to_regex=None, packages_above=None, packages_above_and_dependencies=None, packages_above_depth=None, packages_select_by_dep=None, packages_skip_by_dep=None, packages_skip_up_to=None, packages_select_build_failed=False, packages_skip_build_finished=False, packages_select_test_failures=False, packages_skip_test_passed=False, packages_select=None, packages_skip=None, packages_select_regex=None, packages_skip_regex=None, packages_start=None, packages_end=None, allow_overriding=[], cmake_args=None, cmake_target=None, cmake_target_skip_unavailable=False, cmake_clean_cache=False, cmake_clean_first=False, cmake_force_configure=False, ament_cmake_args=None, catkin_cmake_args=None, catkin_skip_building_tests=False, mixin_files=None, mixin=None, verb_parser=<colcon_mixin.mixin.mixin_argument.MixinArgumentDecorator object at 0x71b4bc33de10>, verb_extension=<colcon_core.verb.build.BuildVerb object at 0x71b4bc4fc310>, main=<bound method BuildVerb.main of <colcon_core.verb.build.BuildVerb object at 0x71b4bc4fc310>>, mixin_verb=('build',))
[0.238s] Level 1:colcon.colcon_core.package_discovery:discover_packages(colcon_meta) check parameters
[0.239s] Level 1:colcon.colcon_core.package_discovery:discover_packages(recursive) check parameters
[0.239s] Level 1:colcon.colcon_core.package_discovery:discover_packages(ignore) check parameters
[0.239s] Level 1:colcon.colcon_core.package_discovery:discover_packages(path) check parameters
[0.239s] Level 1:colcon.colcon_core.package_discovery:discover_packages(colcon_meta) discover
[0.239s] Level 1:colcon.colcon_core.package_discovery:discover_packages(recursive) discover
[0.239s] INFO:colcon.colcon_core.package_discovery:Crawling recursively for packages in '/home/joshua/Desktop/rocker_bogie_simulation'
[0.239s] Level 1:colcon.colcon_core.package_identification:_identify(.) by extensions ['ignore', 'ignore_ament_install']
[0.239s] Level 1:colcon.colcon_core.package_identification:_identify(.) by extension 'ignore'
[0.239s] Level 1:colcon.colcon_core.package_identification:_identify(.) by extension 'ignore_ament_install'
[0.239s] Level 1:colcon.colcon_core.package_identification:_identify(.) by extensions ['colcon_pkg']
[0.239s] Level 1:colcon.colcon_core.package_identification:_identify(.) by extension 'colcon_pkg'
[0.239s] Level 1:colcon.colcon_core.package_identification:_identify(.) by extensions ['colcon_meta']
[0.239s] Level 1:colcon.colcon_core.package_identification:_identify(.) by extension 'colcon_meta'
[0.239s] Level 1:colcon.colcon_core.package_identification:_identify(.) by extensions ['ros']
[0.239s] Level 1:colcon.colcon_core.package_identification:_identify(.) by extension 'ros'
[0.249s] Level 1:colcon.colcon_core.package_identification:_identify(.) by extensions ['cmake', 'python']
[0.249s] Level 1:colcon.colcon_core.package_identification:_identify(.) by extension 'cmake'
[0.249s] Level 1:colcon.colcon_core.package_identification:_identify(.) by extension 'python'
[0.249s] Level 1:colcon.colcon_core.package_identification:_identify(.) by extensions ['python_setup_py']
[0.249s] Level 1:colcon.colcon_core.package_identification:_identify(.) by extension 'python_setup_py'
[0.249s] Level 1:colcon.colcon_core.package_identification:_identify(build) by extensions ['ignore', 'ignore_ament_install']
[0.250s] Level 1:colcon.colcon_core.package_identification:_identify(build) by extension 'ignore'
[0.250s] Level 1:colcon.colcon_core.package_identification:_identify(build) ignored
[0.250s] Level 1:colcon.colcon_core.package_identification:_identify(install) by extensions ['ignore', 'ignore_ament_install']
[0.250s] Level 1:colcon.colcon_core.package_identification:_identify(install) by extension 'ignore'
[0.250s] Level 1:colcon.colcon_core.package_identification:_identify(install) ignored
[0.250s] Level 1:colcon.colcon_core.package_identification:_identify(log) by extensions ['ignore', 'ignore_ament_install']
[0.250s] Level 1:colcon.colcon_core.package_identification:_identify(log) by extension 'ignore'
[0.250s] Level 1:colcon.colcon_core.package_identification:_identify(log) ignored
[0.250s] Level 1:colcon.colcon_core.package_identification:_identify(src) by extensions ['ignore', 'ignore_ament_install']
[0.250s] Level 1:colcon.colcon_core.package_identification:_identify(src) by extension 'ignore'
[0.250s] Level 1:colcon.colcon_core.package_identification:_identify(src) by extension 'ignore_ament_install'
[0.250s] Level 1:colcon.colcon_core.package_identification:_identify(src) by extensions ['colcon_pkg']
[0.250s] Level 1:colcon.colcon_core.package_identification:_identify(src) by extension 'colcon_pkg'
[0.250s] Level 1:colcon.colcon_core.package_identification:_identify(src) by extensions ['colcon_meta']
[0.250s] Level 1:colcon.colcon_core.package_identification:_identify(src) by extension 'colcon_meta'
[0.250s] Level 1:colcon.colcon_core.package_identification:_identify(src) by extensions ['ros']
[0.250s] Level 1:colcon.colcon_core.package_identification:_identify(src) by extension 'ros'
[0.251s] Level 1:colcon.colcon_core.package_identification:_identify(src) by extensions ['cmake', 'python']
[0.251s] Level 1:colcon.colcon_core.package_identification:_identify(src) by extension 'cmake'
[0.251s] Level 1:colcon.colcon_core.package_identification:_identify(src) by extension 'python'
[0.251s] Level 1:colcon.colcon_core.package_identification:_identify(src) by extensions ['python_setup_py']
[0.251s] Level 1:colcon.colcon_core.package_identification:_identify(src) by extension 'python_setup_py'
[0.251s] Level 1:colcon.colcon_core.package_identification:_identify(src/rover_control) by extensions ['ignore', 'ignore_ament_install']
[0.251s] Level 1:colcon.colcon_core.package_identification:_identify(src/rover_control) by extension 'ignore'
[0.251s] Level 1:colcon.colcon_core.package_identification:_identify(src/rover_control) by extension 'ignore_ament_install'
[0.251s] Level 1:colcon.colcon_core.package_identification:_identify(src/rover_control) by extensions ['colcon_pkg']
[0.251s] Level 1:colcon.colcon_core.package_identification:_identify(src/rover_control) by extension 'colcon_pkg'
[0.251s] Level 1:colcon.colcon_core.package_identification:_identify(src/rover_control) by extensions ['colcon_meta']
[0.251s] Level 1:colcon.colcon_core.package_identification:_identify(src/rover_control) by extension 'colcon_meta'
[0.251s] Level 1:colcon.colcon_core.package_identification:_identify(src/rover_control) by extensions ['ros']
[0.251s] Level 1:colcon.colcon_core.package_identification:_identify(src/rover_control) by extension 'ros'
[0.253s] DEBUG:colcon.colcon_core.package_identification:Package 'src/rover_control' with type 'ros.ament_cmake' and name 'rover_control'
[0.254s] Level 1:colcon.colcon_core.package_identification:_identify(src/rover_description) by extensions ['ignore', 'ignore_ament_install']
[0.254s] Level 1:colcon.colcon_core.package_identification:_identify(src/rover_description) by extension 'ignore'
[0.254s] Level 1:colcon.colcon_core.package_identification:_identify(src/rover_description) by extension 'ignore_ament_install'
[0.254s] Level 1:colcon.colcon_core.package_identification:_identify(src/rover_description) by extensions ['colcon_pkg']
[0.254s] Level 1:colcon.colcon_core.package_identification:_identify(src/rover_description) by extension 'colcon_pkg'
[0.254s] Level 1:colcon.colcon_core.package_identification:_identify(src/rover_description) by extensions ['colcon_meta']
[0.254s] Level 1:colcon.colcon_core.package_identification:_identify(src/rover_description) by extension 'colcon_meta'
[0.254s] Level 1:colcon.colcon_core.package_identification:_identify(src/rover_description) by extensions ['ros']
[0.254s] Level 1:colcon.colcon_core.package_identification:_identify(src/rover_description) by extension 'ros'
[0.254s] DEBUG:colcon.colcon_core.package_identification:Package 'src/rover_description' with type 'ros.ament_cmake' and name 'rover_description'
[0.254s] Level 1:colcon.colcon_core.package_identification:_identify(src/rover_gazebo) by extensions ['ignore', 'ignore_ament_install']
[0.255s] Level 1:colcon.colcon_core.package_identification:_identify(src/rover_gazebo) by extension 'ignore'
[0.255s] Level 1:colcon.colcon_core.package_identification:_identify(src/rover_gazebo) by extension 'ignore_ament_install'
[0.255s] Level 1:colcon.colcon_core.package_identification:_identify(src/rover_gazebo) by extensions ['colcon_pkg']
[0.255s] Level 1:colcon.colcon_core.package_identification:_identify(src/rover_gazebo) by extension 'colcon_pkg'
[0.255s] Level 1:colcon.colcon_core.package_identification:_identify(src/rover_gazebo) by extensions ['colcon_meta']
[0.255s] Level 1:colcon.colcon_core.package_identification:_identify(src/rover_gazebo) by extension 'colcon_meta'
[0.255s] Level 1:colcon.colcon_core.package_identification:_identify(src/rover_gazebo) by extensions ['ros']
[0.255s] Level 1:colcon.colcon_core.package_identification:_identify(src/rover_gazebo) by extension 'ros'
[0.255s] DEBUG:colcon.colcon_core.package_identification:Package 'src/rover_gazebo' with type 'ros.ament_cmake' and name 'rover_gazebo'
[0.255s] Level 1:colcon.colcon_core.package_discovery:discover_packages(recursive) using defaults
[0.255s] Level 1:colcon.colcon_core.package_discovery:discover_packages(ignore) discover
[0.255s] Level 1:colcon.colcon_core.package_discovery:discover_packages(ignore) using defaults
[0.255s] Level 1:colcon.colcon_core.package_discovery:discover_packages(path) discover
[0.255s] Level 1:colcon.colcon_core.package_discovery:discover_packages(path) using defaults
[0.272s] Level 1:colcon.colcon_core.package_discovery:discover_packages(prefix_path) check parameters
[0.272s] Level 1:colcon.colcon_core.package_discovery:discover_packages(prefix_path) discover
[0.273s] DEBUG:colcon.colcon_installed_package_information.package_discovery:Found 3 installed packages in /home/joshua/Desktop/rocker_bogie_simulation/install
[0.274s] DEBUG:colcon.colcon_installed_package_information.package_discovery:Found 257 installed packages in /opt/ros/humble
[0.276s] Level 1:colcon.colcon_core.package_discovery:discover_packages(prefix_path) using defaults
[0.311s] Level 5:colcon.colcon_core.verb:set package 'rover_control' build argument 'cmake_args' from command line to 'None'
[0.311s] Level 5:colcon.colcon_core.verb:set package 'rover_control' build argument 'cmake_target' from command line to 'None'
[0.311s] Level 5:colcon.colcon_core.verb:set package 'rover_control' build argument 'cmake_target_skip_unavailable' from command line to 'False'
[0.311s] Level 5:colcon.colcon_core.verb:set package 'rover_control' build argument 'cmake_clean_cache' from command line to 'False'
[0.311s] Level 5:colcon.colcon_core.verb:set package 'rover_control' build argument 'cmake_clean_first' from command line to 'False'
[0.311s] Level 5:colcon.colcon_core.verb:set package 'rover_control' build argument 'cmake_force_configure' from command line to 'False'
[0.311s] Level 5:colcon.colcon_core.verb:set package 'rover_control' build argument 'ament_cmake_args' from command line to 'None'
[0.311s] Level 5:colcon.colcon_core.verb:set package 'rover_control' build argument 'catkin_cmake_args' from command line to 'None'
[0.311s] Level 5:colcon.colcon_core.verb:set package 'rover_control' build argument 'catkin_skip_building_tests' from command line to 'False'
[0.311s] DEBUG:colcon.colcon_core.verb:Building package 'rover_control' with the following arguments: {'ament_cmake_args': None, 'build_base': '/home/joshua/Desktop/rocker_bogie_simulation/build/rover_control', 'catkin_cmake_args': None, 'catkin_skip_building_tests': False, 'cmake_args': None, 'cmake_clean_cache': False, 'cmake_clean_first': False, 'cmake_force_configure': False, 'cmake_target': None, 'cmake_target_skip_unavailable': False, 'install_base': '/home/joshua/Desktop/rocker_bogie_simulation/install/rover_control', 'merge_install': False, 'path': '/home/joshua/Desktop/rocker_bogie_simulation/src/rover_control', 'symlink_install': False, 'test_result_base': None}
[0.312s] Level 5:colcon.colcon_core.verb:set package 'rover_description' build argument 'cmake_args' from command line to 'None'
[0.312s] Level 5:colcon.colcon_core.verb:set package 'rover_description' build argument 'cmake_target' from command line to 'None'
[0.312s] Level 5:colcon.colcon_core.verb:set package 'rover_description' build argument 'cmake_target_skip_unavailable' from command line to 'False'
[0.312s] Level 5:colcon.colcon_core.verb:set package 'rover_description' build argument 'cmake_clean_cache' from command line to 'False'
[0.312s] Level 5:colcon.colcon_core.verb:set package 'rover_description' build argument 'cmake_clean_first' from command line to 'False'
[0.312s] Level 5:colcon.colcon_core.verb:set package 'rover_description' build argument 'cmake_force_configure' from command line to 'False'
[0.312s] Level 5:colcon.colcon_core.verb:set package 'rover_description' build argument 'ament_cmake_args' from command line to 'None'
[0.312s] Level 5:colcon.colcon_core.verb:set package 'rover_description' build argument 'catkin_cmake_args' from command line to 'None'
[0.312s] Level 5:colcon.colcon_core.verb:set package 'rover_description' build argument 'catkin_skip_building_tests' from command line to 'False'
[0.312s] DEBUG:colcon.colcon_core.verb:Building package 'rover_description' with the following arguments: {'ament_cmake_args': None, 'build_base': '/home/joshua/Desktop/rocker_bogie_simulation/build/rover_description', 'catkin_cmake_args': None, 'catkin_skip_building_tests': False, 'cmake_args': None, 'cmake_clean_cache': False, 'cmake_clean_first': False, 'cmake_force_configure': False, 'cmake_target': None, 'cmake_target_skip_unavailable': False, 'install_base': '/home/joshua/Desktop/rocker_bogie_simulation/install/rover_description', 'merge_install': False, 'path': '/home/joshua/Desktop/rocker_bogie_simulation/src/rover_description', 'symlink_install': False, 'test_result_base': None}
[0.312s] Level 5:colcon.colcon_core.verb:set package 'rover_gazebo' build argument 'cmake_args' from command line to 'None'
[0.312s] Level 5:colcon.colcon_core.verb:set package 'rover_gazebo' build argument 'cmake_target' from command line to 'None'
[0.312s] Level 5:colcon.colcon_core.verb:set package 'rover_gazebo' build argument 'cmake_target_skip_unavailable' from command line to 'False'
[0.312s] Level 5:colcon.colcon_core.verb:set package 'rover_gazebo' build argument 'cmake_clean_cache' from command line to 'False'
[0.312s] Level 5:colcon.colcon_core.verb:set package 'rover_gazebo' build argument 'cmake_clean_first' from command line to 'False'
[0.312s] Level 5:colcon.colcon_core.verb:set package 'rover_gazebo' build argument 'cmake_force_configure' from command line to 'False'
[0.312s] Level 5:colcon.colcon_core.verb:set package 'rover_gazebo' build argument 'ament_cmake_args' from command line to 'None'
[0.312s] Level 5:colcon.colcon_core.verb:set package 'rover_gazebo' build argument 'catkin_cmake_args' from command line to 'None'
[0.313s] Level 5:colcon.colcon_core.verb:set package 'rover_gazebo' build argument 'catkin_skip_building_tests' from command line to 'False'
[0.313s] DEBUG:colcon.colcon_core.verb:Building package 'rover_gazebo' with the following arguments: {'ament_cmake_args': None, 'build_base': '/home/joshua/Desktop/rocker_bogie_simulation/build/rover_gazebo', 'catkin_cmake_args': None, 'catkin_skip_building_tests': False, 'cmake_args': None, 'cmake_clean_cache': False, 'cmake_clean_first': False, 'cmake_force_configure': False, 'cmake_target': None, 'cmake_target_skip_unavailable': False, 'install_base': '/home/joshua/Desktop/rocker_bogie_simulation/install/rover_gazebo', 'merge_install': False, 'path': '/home/joshua/Desktop/rocker_bogie_simulation/src/rover_gazebo', 'symlink_install': False, 'test_result_base': None}
[0.313s] INFO:colcon.colcon_core.executor:Executing jobs using 'parallel' executor
[0.314s] DEBUG:colcon.colcon_parallel_executor.executor.parallel:run_until_complete
[0.314s] INFO:colcon.colcon_ros.task.ament_cmake.build:Building ROS package in '/home/joshua/Desktop/rocker_bogie_simulation/src/rover_control' with build type 'ament_cmake'
[0.314s] INFO:colcon.colcon_cmake.task.cmake.build:Building CMake package in '/home/joshua/Desktop/rocker_bogie_simulation/src/rover_control'
[0.316s] INFO:colcon.colcon_core.plugin_system:Skipping extension 'colcon_core.shell.bat': Not used on non-Windows systems
[0.316s] INFO:colcon.colcon_core.shell:Skip shell extension 'powershell' for command environment: Not usable outside of PowerShell
[0.316s] DEBUG:colcon.colcon_core.shell:Skip shell extension 'dsv' for command environment
[0.319s] INFO:colcon.colcon_ros.task.ament_cmake.build:Building ROS package in '/home/joshua/Desktop/rocker_bogie_simulation/src/rover_description' with build type 'ament_cmake'
[0.319s] INFO:colcon.colcon_cmake.task.cmake.build:Building CMake package in '/home/joshua/Desktop/rocker_bogie_simulation/src/rover_description'
[0.319s] INFO:colcon.colcon_core.shell:Skip shell extension 'powershell' for command environment: Not usable outside of PowerShell
[0.319s] DEBUG:colcon.colcon_core.shell:Skip shell extension 'dsv' for command environment
[0.322s] INFO:colcon.colcon_ros.task.ament_cmake.build:Building ROS package in '/home/joshua/Desktop/rocker_bogie_simulation/src/rover_gazebo' with build type 'ament_cmake'
[0.322s] INFO:colcon.colcon_cmake.task.cmake.build:Building CMake package in '/home/joshua/Desktop/rocker_bogie_simulation/src/rover_gazebo'
[0.322s] INFO:colcon.colcon_core.shell:Skip shell extension 'powershell' for command environment: Not usable outside of PowerShell
[0.322s] DEBUG:colcon.colcon_core.shell:Skip shell extension 'dsv' for command environment
[0.330s] DEBUG:colcon.colcon_core.event_handler.log_command:Invoking command in '/home/joshua/Desktop/rocker_bogie_simulation/build/rover_control': CMAKE_PREFIX_PATH=${CMAKE_PREFIX_PATH}:/opt/ros/humble /usr/bin/cmake --build /home/joshua/Desktop/rocker_bogie_simulation/build/rover_control -- -j8 -l8
[0.333s] DEBUG:colcon.colcon_core.event_handler.log_command:Invoking command in '/home/joshua/Desktop/rocker_bogie_simulation/build/rover_description': CMAKE_PREFIX_PATH=${CMAKE_PREFIX_PATH}:/opt/ros/humble /usr/bin/cmake --build /home/joshua/Desktop/rocker_bogie_simulation/build/rover_description -- -j8 -l8
[0.337s] DEBUG:colcon.colcon_core.event_handler.log_command:Invoking command in '/home/joshua/Desktop/rocker_bogie_simulation/build/rover_gazebo': CMAKE_PREFIX_PATH=${CMAKE_PREFIX_PATH}:/opt/ros/humble /usr/bin/cmake --build /home/joshua/Desktop/rocker_bogie_simulation/build/rover_gazebo -- -j8 -l8
[0.376s] DEBUG:colcon.colcon_core.event_handler.log_command:Invoked command in '/home/joshua/Desktop/rocker_bogie_simulation/build/rover_description' returned '0': CMAKE_PREFIX_PATH=${CMAKE_PREFIX_PATH}:/opt/ros/humble /usr/bin/cmake --build /home/joshua/Desktop/rocker_bogie_simulation/build/rover_description -- -j8 -l8
[0.387s] DEBUG:colcon.colcon_core.event_handler.log_command:Invoked command in '/home/joshua/Desktop/rocker_bogie_simulation/build/rover_gazebo' returned '0': CMAKE_PREFIX_PATH=${CMAKE_PREFIX_PATH}:/opt/ros/humble /usr/bin/cmake --build /home/joshua/Desktop/rocker_bogie_simulation/build/rover_gazebo -- -j8 -l8
[0.409s] DEBUG:colcon.colcon_core.event_handler.log_command:Invoking command in '/home/joshua/Desktop/rocker_bogie_simulation/build/rover_description': CMAKE_PREFIX_PATH=${CMAKE_PREFIX_PATH}:/opt/ros/humble /usr/bin/cmake --install /home/joshua/Desktop/rocker_bogie_simulation/build/rover_description
[0.414s] DEBUG:colcon.colcon_core.event_handler.log_command:Invoking command in '/home/joshua/Desktop/rocker_bogie_simulation/build/rover_gazebo': CMAKE_PREFIX_PATH=${CMAKE_PREFIX_PATH}:/opt/ros/humble /usr/bin/cmake --install /home/joshua/Desktop/rocker_bogie_simulation/build/rover_gazebo
[0.419s] Level 1:colcon.colcon_core.environment:create_environment_scripts_only(rover_description)
[0.420s] DEBUG:colcon.colcon_core.event_handler.log_command:Invoked command in '/home/joshua/Desktop/rocker_bogie_simulation/build/rover_description' returned '0': CMAKE_PREFIX_PATH=${CMAKE_PREFIX_PATH}:/opt/ros/humble /usr/bin/cmake --install /home/joshua/Desktop/rocker_bogie_simulation/build/rover_description
[0.424s] Level 1:colcon.colcon_core.environment:checking '/home/joshua/Desktop/rocker_bogie_simulation/install/rover_description' for CMake module files
[0.426s] Level 1:colcon.colcon_core.environment:checking '/home/joshua/Desktop/rocker_bogie_simulation/install/rover_description' for CMake config files
[0.426s] Level 1:colcon.colcon_core.shell:create_environment_hook('rover_description', 'cmake_prefix_path')
[0.427s] INFO:colcon.colcon_core.shell:Creating environment hook '/home/joshua/Desktop/rocker_bogie_simulation/install/rover_description/share/rover_description/hook/cmake_prefix_path.ps1'
[0.427s] INFO:colcon.colcon_core.shell:Creating environment descriptor '/home/joshua/Desktop/rocker_bogie_simulation/install/rover_description/share/rover_description/hook/cmake_prefix_path.dsv'
[0.428s] INFO:colcon.colcon_core.shell:Creating environment hook '/home/joshua/Desktop/rocker_bogie_simulation/install/rover_description/share/rover_description/hook/cmake_prefix_path.sh'
[0.429s] Level 1:colcon.colcon_core.environment:checking '/home/joshua/Desktop/rocker_bogie_simulation/install/rover_description/bin'
[0.429s] Level 1:colcon.colcon_core.environment:checking '/home/joshua/Desktop/rocker_bogie_simulation/install/rover_description/lib/pkgconfig/rover_description.pc'
[0.429s] Level 1:colcon.colcon_core.environment:checking '/home/joshua/Desktop/rocker_bogie_simulation/install/rover_description/lib/python3.10/site-packages'
[0.430s] Level 1:colcon.colcon_core.environment:checking '/home/joshua/Desktop/rocker_bogie_simulation/install/rover_description/bin'
[0.430s] INFO:colcon.colcon_core.shell:Creating package script '/home/joshua/Desktop/rocker_bogie_simulation/install/rover_description/share/rover_description/package.ps1'
[0.431s] INFO:colcon.colcon_core.shell:Creating package descriptor '/home/joshua/Desktop/rocker_bogie_simulation/install/rover_description/share/rover_description/package.dsv'
[0.432s] INFO:colcon.colcon_core.shell:Creating package script '/home/joshua/Desktop/rocker_bogie_simulation/install/rover_description/share/rover_description/package.sh'
[0.433s] INFO:colcon.colcon_core.shell:Creating package script '/home/joshua/Desktop/rocker_bogie_simulation/install/rover_description/share/rover_description/package.bash'
[0.434s] INFO:colcon.colcon_core.shell:Creating package script '/home/joshua/Desktop/rocker_bogie_simulation/install/rover_description/share/rover_description/package.zsh'
[0.434s] Level 1:colcon.colcon_core.environment:create_file_with_runtime_dependencies(/home/joshua/Desktop/rocker_bogie_simulation/install/rover_description/share/colcon-core/packages/rover_description)
[0.436s] Level 1:colcon.colcon_core.environment:create_environment_scripts_only(rover_gazebo)
[0.436s] Level 1:colcon.colcon_core.environment:checking '/home/joshua/Desktop/rocker_bogie_simulation/install/rover_gazebo' for CMake module files
[0.436s] DEBUG:colcon.colcon_core.event_handler.log_command:Invoked command in '/home/joshua/Desktop/rocker_bogie_simulation/build/rover_gazebo' returned '0': CMAKE_PREFIX_PATH=${CMAKE_PREFIX_PATH}:/opt/ros/humble /usr/bin/cmake --install /home/joshua/Desktop/rocker_bogie_simulation/build/rover_gazebo
[0.437s] Level 1:colcon.colcon_core.environment:checking '/home/joshua/Desktop/rocker_bogie_simulation/install/rover_gazebo' for CMake config files
[0.437s] Level 1:colcon.colcon_core.shell:create_environment_hook('rover_gazebo', 'cmake_prefix_path')
[0.437s] INFO:colcon.colcon_core.shell:Creating environment hook '/home/joshua/Desktop/rocker_bogie_simulation/install/rover_gazebo/share/rover_gazebo/hook/cmake_prefix_path.ps1'
[0.437s] INFO:colcon.colcon_core.shell:Creating environment descriptor '/home/joshua/Desktop/rocker_bogie_simulation/install/rover_gazebo/share/rover_gazebo/hook/cmake_prefix_path.dsv'
[0.438s] INFO:colcon.colcon_core.shell:Creating environment hook '/home/joshua/Desktop/rocker_bogie_simulation/install/rover_gazebo/share/rover_gazebo/hook/cmake_prefix_path.sh'
[0.438s] Level 1:colcon.colcon_core.environment:checking '/home/joshua/Desktop/rocker_bogie_simulation/install/rover_gazebo/bin'
[0.438s] Level 1:colcon.colcon_core.environment:checking '/home/joshua/Desktop/rocker_bogie_simulation/install/rover_gazebo/lib/pkgconfig/rover_gazebo.pc'
[0.438s] Level 1:colcon.colcon_core.environment:checking '/home/joshua/Desktop/rocker_bogie_simulation/install/rover_gazebo/lib/python3.10/site-packages'
[0.439s] Level 1:colcon.colcon_core.environment:checking '/home/joshua/Desktop/rocker_bogie_simulation/install/rover_gazebo/bin'
[0.439s] INFO:colcon.colcon_core.shell:Creating package script '/home/joshua/Desktop/rocker_bogie_simulation/install/rover_gazebo/share/rover_gazebo/package.ps1'
[0.439s] INFO:colcon.colcon_core.shell:Creating package descriptor '/home/joshua/Desktop/rocker_bogie_simulation/install/rover_gazebo/share/rover_gazebo/package.dsv'
[0.440s] INFO:colcon.colcon_core.shell:Creating package script '/home/joshua/Desktop/rocker_bogie_simulation/install/rover_gazebo/share/rover_gazebo/package.sh'
[0.440s] INFO:colcon.colcon_core.shell:Creating package script '/home/joshua/Desktop/rocker_bogie_simulation/install/rover_gazebo/share/rover_gazebo/package.bash'
[0.440s] INFO:colcon.colcon_core.shell:Creating package script '/home/joshua/Desktop/rocker_bogie_simulation/install/rover_gazebo/share/rover_gazebo/package.zsh'
[0.441s] Level 1:colcon.colcon_core.environment:create_file_with_runtime_dependencies(/home/joshua/Desktop/rocker_bogie_simulation/install/rover_gazebo/share/colcon-core/packages/rover_gazebo)
[0.456s] Level 1:colcon.colcon_core.environment:create_environment_scripts_only(rover_description)
[0.457s] Level 1:colcon.colcon_core.environment:checking '/home/joshua/Desktop/rocker_bogie_simulation/install/rover_description' for CMake module files
[0.457s] Level 1:colcon.colcon_core.environment:checking '/home/joshua/Desktop/rocker_bogie_simulation/install/rover_description' for CMake config files
[0.458s] Level 1:colcon.colcon_core.shell:create_environment_hook('rover_description', 'cmake_prefix_path')
[0.458s] INFO:colcon.colcon_core.shell:Creating environment hook '/home/joshua/Desktop/rocker_bogie_simulation/install/rover_description/share/rover_description/hook/cmake_prefix_path.ps1'
[0.458s] INFO:colcon.colcon_core.shell:Creating environment descriptor '/home/joshua/Desktop/rocker_bogie_simulation/install/rover_description/share/rover_description/hook/cmake_prefix_path.dsv'
[0.459s] INFO:colcon.colcon_core.shell:Creating environment hook '/home/joshua/Desktop/rocker_bogie_simulation/install/rover_description/share/rover_description/hook/cmake_prefix_path.sh'
[0.459s] Level 1:colcon.colcon_core.environment:checking '/home/joshua/Desktop/rocker_bogie_simulation/install/rover_description/bin'
[0.459s] Level 1:colcon.colcon_core.environment:checking '/home/joshua/Desktop/rocker_bogie_simulation/install/rover_description/lib/pkgconfig/rover_description.pc'
[0.460s] Level 1:colcon.colcon_core.environment:checking '/home/joshua/Desktop/rocker_bogie_simulation/install/rover_description/lib/python3.10/site-packages'
[0.460s] Level 1:colcon.colcon_core.environment:checking '/home/joshua/Desktop/rocker_bogie_simulation/install/rover_description/bin'
[0.460s] INFO:colcon.colcon_core.shell:Creating package script '/home/joshua/Desktop/rocker_bogie_simulation/install/rover_description/share/rover_description/package.ps1'
[0.461s] INFO:colcon.colcon_core.shell:Creating package descriptor '/home/joshua/Desktop/rocker_bogie_simulation/install/rover_description/share/rover_description/package.dsv'
[0.461s] INFO:colcon.colcon_core.shell:Creating package script '/home/joshua/Desktop/rocker_bogie_simulation/install/rover_description/share/rover_description/package.sh'
[0.462s] INFO:colcon.colcon_core.shell:Creating package script '/home/joshua/Desktop/rocker_bogie_simulation/install/rover_description/share/rover_description/package.bash'
[0.462s] INFO:colcon.colcon_core.shell:Creating package script '/home/joshua/Desktop/rocker_bogie_simulation/install/rover_description/share/rover_description/package.zsh'
[0.462s] Level 1:colcon.colcon_core.environment:create_file_with_runtime_dependencies(/home/joshua/Desktop/rocker_bogie_simulation/install/rover_description/share/colcon-core/packages/rover_description)
[0.464s] Level 1:colcon.colcon_core.environment:create_environment_scripts_only(rover_gazebo)
[0.465s] Level 1:colcon.colcon_core.environment:checking '/home/joshua/Desktop/rocker_bogie_simulation/install/rover_gazebo' for CMake module files
[0.465s] Level 1:colcon.colcon_core.environment:checking '/home/joshua/Desktop/rocker_bogie_simulation/install/rover_gazebo' for CMake config files
[0.465s] Level 1:colcon.colcon_core.shell:create_environment_hook('rover_gazebo', 'cmake_prefix_path')
[0.466s] INFO:colcon.colcon_core.shell:Creating environment hook '/home/joshua/Desktop/rocker_bogie_simulation/install/rover_gazebo/share/rover_gazebo/hook/cmake_prefix_path.ps1'
[0.466s] INFO:colcon.colcon_core.shell:Creating environment descriptor '/home/joshua/Desktop/rocker_bogie_simulation/install/rover_gazebo/share/rover_gazebo/hook/cmake_prefix_path.dsv'
[0.466s] INFO:colcon.colcon_core.shell:Creating environment hook '/home/joshua/Desktop/rocker_bogie_simulation/install/rover_gazebo/share/rover_gazebo/hook/cmake_prefix_path.sh'
[0.467s] Level 1:colcon.colcon_core.environment:checking '/home/joshua/Desktop/rocker_bogie_simulation/install/rover_gazebo/bin'
[0.467s] Level 1:colcon.colcon_core.environment:checking '/home/joshua/Desktop/rocker_bogie_simulation/install/rover_gazebo/lib/pkgconfig/rover_gazebo.pc'
[0.467s] Level 1:colcon.colcon_core.environment:checking '/home/joshua/Desktop/rocker_bogie_simulation/install/rover_gazebo/lib/python3.10/site-packages'
[0.467s] Level 1:colcon.colcon_core.environment:checking '/home/joshua/Desktop/rocker_bogie_simulation/install/rover_gazebo/bin'
[0.467s] INFO:colcon.colcon_core.shell:Creating package script '/home/joshua/Desktop/rocker_bogie_simulation/install/rover_gazebo/share/rover_gazebo/package.ps1'
[0.468s] INFO:colcon.colcon_core.shell:Creating package descriptor '/home/joshua/Desktop/rocker_bogie_simulation/install/rover_gazebo/share/rover_gazebo/package.dsv'
[0.468s] INFO:colcon.colcon_core.shell:Creating package script '/home/joshua/Desktop/rocker_bogie_simulation/install/rover_gazebo/share/rover_gazebo/package.sh'
[0.468s] INFO:colcon.colcon_core.shell:Creating package script '/home/joshua/Desktop/rocker_bogie_simulation/install/rover_gazebo/share/rover_gazebo/package.bash'
[0.469s] INFO:colcon.colcon_core.shell:Creating package script '/home/joshua/Desktop/rocker_bogie_simulation/install/rover_gazebo/share/rover_gazebo/package.zsh'
[0.469s] Level 1:colcon.colcon_core.environment:create_file_with_runtime_dependencies(/home/joshua/Desktop/rocker_bogie_simulation/install/rover_gazebo/share/colcon-core/packages/rover_gazebo)
[2.323s] DEBUG:colcon.colcon_core.event_handler.log_command:Invoked command in '/home/joshua/Desktop/rocker_bogie_simulation/build/rover_control' returned '0': CMAKE_PREFIX_PATH=${CMAKE_PREFIX_PATH}:/opt/ros/humble /usr/bin/cmake --build /home/joshua/Desktop/rocker_bogie_simulation/build/rover_control -- -j8 -l8
[2.344s] DEBUG:colcon.colcon_core.event_handler.log_command:Invoking command in '/home/joshua/Desktop/rocker_bogie_simulation/build/rover_control': CMAKE_PREFIX_PATH=${CMAKE_PREFIX_PATH}:/opt/ros/humble /usr/bin/cmake --install /home/joshua/Desktop/rocker_bogie_simulation/build/rover_control
[2.355s] Level 1:colcon.colcon_core.environment:create_environment_scripts_only(rover_control)
[2.355s] Level 1:colcon.colcon_core.environment:checking '/home/joshua/Desktop/rocker_bogie_simulation/install/rover_control' for CMake module files
[2.356s] DEBUG:colcon.colcon_core.event_handler.log_command:Invoked command in '/home/joshua/Desktop/rocker_bogie_simulation/build/rover_control' returned '0': CMAKE_PREFIX_PATH=${CMAKE_PREFIX_PATH}:/opt/ros/humble /usr/bin/cmake --install /home/joshua/Desktop/rocker_bogie_simulation/build/rover_control
[2.357s] Level 1:colcon.colcon_core.environment:checking '/home/joshua/Desktop/rocker_bogie_simulation/install/rover_control' for CMake config files
[2.357s] Level 1:colcon.colcon_core.shell:create_environment_hook('rover_control', 'cmake_prefix_path')
[2.357s] INFO:colcon.colcon_core.shell:Creating environment hook '/home/joshua/Desktop/rocker_bogie_simulation/install/rover_control/share/rover_control/hook/cmake_prefix_path.ps1'
[2.358s] INFO:colcon.colcon_core.shell:Creating environment descriptor '/home/joshua/Desktop/rocker_bogie_simulation/install/rover_control/share/rover_control/hook/cmake_prefix_path.dsv'
[2.358s] INFO:colcon.colcon_core.shell:Creating environment hook '/home/joshua/Desktop/rocker_bogie_simulation/install/rover_control/share/rover_control/hook/cmake_prefix_path.sh'
[2.359s] Level 1:colcon.colcon_core.environment:checking '/home/joshua/Desktop/rocker_bogie_simulation/install/rover_control/bin'
[2.359s] Level 1:colcon.colcon_core.environment:checking '/home/joshua/Desktop/rocker_bogie_simulation/install/rover_control/lib/pkgconfig/rover_control.pc'
[2.359s] Level 1:colcon.colcon_core.environment:checking '/home/joshua/Desktop/rocker_bogie_simulation/install/rover_control/lib/python3.10/site-packages'
[2.359s] Level 1:colcon.colcon_core.environment:checking '/home/joshua/Desktop/rocker_bogie_simulation/install/rover_control/bin'
[2.360s] INFO:colcon.colcon_core.shell:Creating package script '/home/joshua/Desktop/rocker_bogie_simulation/install/rover_control/share/rover_control/package.ps1'
[2.360s] INFO:colcon.colcon_core.shell:Creating package descriptor '/home/joshua/Desktop/rocker_bogie_simulation/install/rover_control/share/rover_control/package.dsv'
[2.361s] INFO:colcon.colcon_core.shell:Creating package script '/home/joshua/Desktop/rocker_bogie_simulation/install/rover_control/share/rover_control/package.sh'
[2.361s] INFO:colcon.colcon_core.shell:Creating package script '/home/joshua/Desktop/rocker_bogie_simulation/install/rover_control/share/rover_control/package.bash'
[2.361s] INFO:colcon.colcon_core.shell:Creating package script '/home/joshua/Desktop/rocker_bogie_simulation/install/rover_control/share/rover_control/package.zsh'
[2.362s] Level 1:colcon.colcon_core.environment:create_file_with_runtime_dependencies(/home/joshua/Desktop/rocker_bogie_simulation/install/rover_control/share/colcon-core/packages/rover_control)
[2.384s] Level 1:colcon.colcon_core.environment:create_environment_scripts_only(rover_control)
[2.384s] Level 1:colcon.colcon_core.environment:checking '/home/joshua/Desktop/rocker_bogie_simulation/install/rover_control' for CMake module files
[2.385s] Level 1:colcon.colcon_core.environment:checking '/home/joshua/Desktop/rocker_bogie_simulation/install/rover_control' for CMake config files
[2.385s] Level 1:colcon.colcon_core.shell:create_environment_hook('rover_control', 'cmake_prefix_path')
[2.385s] INFO:colcon.colcon_core.shell:Creating environment hook '/home/joshua/Desktop/rocker_bogie_simulation/install/rover_control/share/rover_control/hook/cmake_prefix_path.ps1'
[2.386s] INFO:colcon.colcon_core.shell:Creating environment descriptor '/home/joshua/Desktop/rocker_bogie_simulation/install/rover_control/share/rover_control/hook/cmake_prefix_path.dsv'
[2.386s] INFO:colcon.colcon_core.shell:Creating environment hook '/home/joshua/Desktop/rocker_bogie_simulation/install/rover_control/share/rover_control/hook/cmake_prefix_path.sh'
[2.386s] Level 1:colcon.colcon_core.environment:checking '/home/joshua/Desktop/rocker_bogie_simulation/install/rover_control/bin'
[2.386s] Level 1:colcon.colcon_core.environment:checking '/home/joshua/Desktop/rocker_bogie_simulation/install/rover_control/lib/pkgconfig/rover_control.pc'
[2.387s] Level 1:colcon.colcon_core.environment:checking '/home/joshua/Desktop/rocker_bogie_simulation/install/rover_control/lib/python3.10/site-packages'
[2.387s] Level 1:colcon.colcon_core.environment:checking '/home/joshua/Desktop/rocker_bogie_simulation/install/rover_control/bin'
[2.387s] INFO:colcon.colcon_core.shell:Creating package script '/home/joshua/Desktop/rocker_bogie_simulation/install/rover_control/share/rover_control/package.ps1'
[2.387s] INFO:colcon.colcon_core.shell:Creating package descriptor '/home/joshua/Desktop/rocker_bogie_simulation/install/rover_control/share/rover_control/package.dsv'
[2.388s] INFO:colcon.colcon_core.shell:Creating package script '/home/joshua/Desktop/rocker_bogie_simulation/install/rover_control/share/rover_control/package.sh'
[2.388s] INFO:colcon.colcon_core.shell:Creating package script '/home/joshua/Desktop/rocker_bogie_simulation/install/rover_control/share/rover_control/package.bash'
[2.388s] INFO:colcon.colcon_core.shell:Creating package script '/home/joshua/Desktop/rocker_bogie_simulation/install/rover_control/share/rover_control/package.zsh'
[2.389s] Level 1:colcon.colcon_core.environment:create_file_with_runtime_dependencies(/home/joshua/Desktop/rocker_bogie_simulation/install/rover_control/share/colcon-core/packages/rover_control)
[2.389s] DEBUG:colcon.colcon_parallel_executor.executor.parallel:closing loop
[2.389s] DEBUG:colcon.colcon_parallel_executor.executor.parallel:loop closed
[2.389s] DEBUG:colcon.colcon_parallel_executor.executor.parallel:run_until_complete finished with '0'
[2.389s] DEBUG:colcon.colcon_core.event_reactor:joining thread
[2.395s] INFO:colcon.colcon_core.plugin_system:Skipping extension 'colcon_notification.desktop_notification.terminal_notifier': Not used on non-Darwin systems
[2.395s] INFO:colcon.colcon_core.plugin_system:Skipping extension 'colcon_notification.desktop_notification.win32': Not used on non-Windows systems
[2.395s] INFO:colcon.colcon_notification.desktop_notification:Sending desktop notification using 'notify2'
[2.405s] DEBUG:colcon.colcon_core.event_reactor:joined thread
[2.405s] INFO:colcon.colcon_core.shell:Creating prefix script '/home/joshua/Desktop/rocker_bogie_simulation/install/local_setup.ps1'
[2.406s] INFO:colcon.colcon_core.shell:Creating prefix util module '/home/joshua/Desktop/rocker_bogie_simulation/install/_local_setup_util_ps1.py'
[2.408s] INFO:colcon.colcon_core.shell:Creating prefix chain script '/home/joshua/Desktop/rocker_bogie_simulation/install/setup.ps1'
[2.410s] INFO:colcon.colcon_core.shell:Creating prefix script '/home/joshua/Desktop/rocker_bogie_simulation/install/local_setup.sh'
[2.410s] INFO:colcon.colcon_core.shell:Creating prefix util module '/home/joshua/Desktop/rocker_bogie_simulation/install/_local_setup_util_sh.py'
[2.410s] INFO:colcon.colcon_core.shell:Creating prefix chain script '/home/joshua/Desktop/rocker_bogie_simulation/install/setup.sh'
[2.411s] INFO:colcon.colcon_core.shell:Creating prefix script '/home/joshua/Desktop/rocker_bogie_simulation/install/local_setup.bash'
[2.412s] INFO:colcon.colcon_core.shell:Creating prefix chain script '/home/joshua/Desktop/rocker_bogie_simulation/install/setup.bash'
[2.413s] INFO:colcon.colcon_core.shell:Creating prefix script '/home/joshua/Desktop/rocker_bogie_simulation/install/local_setup.zsh'
[2.413s] INFO:colcon.colcon_core.shell:Creating prefix chain script '/home/joshua/Desktop/rocker_bogie_simulation/install/setup.zsh'
