[0.018s] Invoking command in '/home/joshua/Desktop/rocker_bogie_simulation/build/rover_control': CMAKE_PREFIX_PATH=${CMAKE_PREFIX_PATH}:/opt/ros/humble /usr/bin/cmake --build /home/joshua/Desktop/rocker_bogie_simulation/build/rover_control -- -j8 -l8
[0.082s] Invoked command in '/home/joshua/Desktop/rocker_bogie_simulation/build/rover_control' returned '0': CMAKE_PREFIX_PATH=${CMAKE_PREFIX_PATH}:/opt/ros/humble /usr/bin/cmake --build /home/joshua/Desktop/rocker_bogie_simulation/build/rover_control -- -j8 -l8
[0.108s] Invoking command in '/home/joshua/Desktop/rocker_bogie_simulation/build/rover_control': CMAKE_PREFIX_PATH=${CMAKE_PREFIX_PATH}:/opt/ros/humble /usr/bin/cmake --install /home/joshua/Desktop/rocker_bogie_simulation/build/rover_control
[0.119s] -- Install configuration: ""
[0.119s] -- Up-to-date: /home/joshua/Desktop/rocker_bogie_simulation/install/rover_control/share/ament_index/resource_index/package_run_dependencies/rover_control
[0.120s] -- Up-to-date: /home/joshua/Desktop/rocker_bogie_simulation/install/rover_control/share/ament_index/resource_index/parent_prefix_path/rover_control
[0.120s] -- Up-to-date: /home/joshua/Desktop/rocker_bogie_simulation/install/rover_control/share/rover_control/environment/ament_prefix_path.sh
[0.120s] -- Up-to-date: /home/joshua/Desktop/rocker_bogie_simulation/install/rover_control/share/rover_control/environment/ament_prefix_path.dsv
[0.120s] -- Up-to-date: /home/joshua/Desktop/rocker_bogie_simulation/install/rover_control/share/rover_control/environment/path.sh
[0.121s] -- Up-to-date: /home/joshua/Desktop/rocker_bogie_simulation/install/rover_control/share/rover_control/environment/path.dsv
[0.121s] -- Up-to-date: /home/joshua/Desktop/rocker_bogie_simulation/install/rover_control/share/rover_control/local_setup.bash
[0.121s] -- Up-to-date: /home/joshua/Desktop/rocker_bogie_simulation/install/rover_control/share/rover_control/local_setup.sh
[0.121s] -- Up-to-date: /home/joshua/Desktop/rocker_bogie_simulation/install/rover_control/share/rover_control/local_setup.zsh
[0.121s] -- Up-to-date: /home/joshua/Desktop/rocker_bogie_simulation/install/rover_control/share/rover_control/local_setup.dsv
[0.122s] -- Up-to-date: /home/joshua/Desktop/rocker_bogie_simulation/install/rover_control/share/rover_control/package.dsv
[0.122s] -- Up-to-date: /home/joshua/Desktop/rocker_bogie_simulation/install/rover_control/share/ament_index/resource_index/packages/rover_control
[0.122s] -- Up-to-date: /home/joshua/Desktop/rocker_bogie_simulation/install/rover_control/share/rover_control/cmake/rover_controlConfig.cmake
[0.122s] -- Up-to-date: /home/joshua/Desktop/rocker_bogie_simulation/install/rover_control/share/rover_control/cmake/rover_controlConfig-version.cmake
[0.123s] -- Up-to-date: /home/joshua/Desktop/rocker_bogie_simulation/install/rover_control/share/rover_control/package.xml
[0.141s] Invoked command in '/home/joshua/Desktop/rocker_bogie_simulation/build/rover_control' returned '0': CMAKE_PREFIX_PATH=${CMAKE_PREFIX_PATH}:/opt/ros/humble /usr/bin/cmake --install /home/joshua/Desktop/rocker_bogie_simulation/build/rover_control
