-- Found ament_cmake: 1.3.9 (/opt/ros/humble/share/ament_cmake/cmake)
-- Found controller_manager: 2.41.0 (/opt/ros/humble/share/controller_manager/cmake)
-- Found rosidl_generator_c: 3.1.5 (/opt/ros/humble/share/rosidl_generator_c/cmake)
-- Found rosidl_adapter: 3.1.5 (/opt/ros/humble/share/rosidl_adapter/cmake)
-- Found rosidl_generator_cpp: 3.1.5 (/opt/ros/humble/share/rosidl_generator_cpp/cmake)
-- Using all available rosidl_typesupport_c: rosidl_typesupport_fastrtps_c;rosidl_typesupport_introspection_c
-- Using all available rosidl_typesupport_cpp: rosidl_typesupport_fastrtps_cpp;rosidl_typesupport_introspection_cpp
-- Found rmw_implementation_cmake: 6.1.2 (/opt/ros/humble/share/rmw_implementation_cmake/cmake)
-- Found rmw_fastrtps_cpp: 6.2.6 (/opt/ros/humble/share/rmw_fastrtps_cpp/cmake)
-- Found TinyXML2 via Config file: TinyXML2_DIR-NOTFOUND
-- Found TinyXML2 via Config file: TinyXML2_DIR-NOTFOUND
-- Found TinyXML2 via Config file: TinyXML2_DIR-NOTFOUND
-- Found TinyXML2 via Config file: TinyXML2_DIR-NOTFOUND
-- Using RMW implementation 'rmw_fastrtps_cpp' as default
-- Found ros2_control: 2.41.0 (/opt/ros/humble/share/ros2_control/cmake)
-- Found ros2_controllers: 2.35.0 (/opt/ros/humble/share/ros2_controllers/cmake)
-- Found robot_state_publisher: 3.0.3 (/opt/ros/humble/share/robot_state_publisher/cmake)
-- Found eigen3_cmake_module: 0.1.1 (/opt/ros/humble/share/eigen3_cmake_module/cmake)
-- Ensuring Eigen3 include directory is part of orocos-kdl CMake target
-- Found ament_lint_auto: 0.12.11 (/opt/ros/humble/share/ament_lint_auto/cmake)
-- Added test 'flake8' to check Python code syntax and style conventions
-- Added test 'lint_cmake' to check CMake code style
-- Added test 'pep257' to check Python code against some of the docstring style conventions in PEP 257
-- Added test 'xmllint' to check XML markup files
-- Configuring done
-- Generating done
-- Build files have been written to: /home/joshua/Desktop/rocker_bogie_simulation/build/rover_control
-- Install configuration: ""
-- Installing: /home/joshua/Desktop/rocker_bogie_simulation/install/rover_control/share/rover_control/launch
-- Installing: /home/joshua/Desktop/rocker_bogie_simulation/install/rover_control/share/rover_control/launch/rover_control.py
-- Up-to-date: /home/joshua/Desktop/rocker_bogie_simulation/install/rover_control/share/ament_index/resource_index/package_run_dependencies/rover_control
-- Installing: /home/joshua/Desktop/rocker_bogie_simulation/install/rover_control/share/ament_index/resource_index/parent_prefix_path/rover_control
-- Up-to-date: /home/joshua/Desktop/rocker_bogie_simulation/install/rover_control/share/rover_control/environment/ament_prefix_path.sh
-- Installing: /home/joshua/Desktop/rocker_bogie_simulation/install/rover_control/share/rover_control/environment/ament_prefix_path.dsv
-- Up-to-date: /home/joshua/Desktop/rocker_bogie_simulation/install/rover_control/share/rover_control/environment/path.sh
-- Installing: /home/joshua/Desktop/rocker_bogie_simulation/install/rover_control/share/rover_control/environment/path.dsv
-- Up-to-date: /home/joshua/Desktop/rocker_bogie_simulation/install/rover_control/share/rover_control/local_setup.bash
-- Up-to-date: /home/joshua/Desktop/rocker_bogie_simulation/install/rover_control/share/rover_control/local_setup.sh
-- Up-to-date: /home/joshua/Desktop/rocker_bogie_simulation/install/rover_control/share/rover_control/local_setup.zsh
-- Installing: /home/joshua/Desktop/rocker_bogie_simulation/install/rover_control/share/rover_control/local_setup.dsv
-- Installing: /home/joshua/Desktop/rocker_bogie_simulation/install/rover_control/share/rover_control/package.dsv
-- Up-to-date: /home/joshua/Desktop/rocker_bogie_simulation/install/rover_control/share/ament_index/resource_index/packages/rover_control
-- Up-to-date: /home/joshua/Desktop/rocker_bogie_simulation/install/rover_control/share/rover_control/cmake/rover_controlConfig.cmake
-- Up-to-date: /home/joshua/Desktop/rocker_bogie_simulation/install/rover_control/share/rover_control/cmake/rover_controlConfig-version.cmake
-- Up-to-date: /home/joshua/Desktop/rocker_bogie_simulation/install/rover_control/share/rover_control/package.xml
