[0.015s] Invoking command in '/home/joshua/Desktop/rocker_bogie_simulation/build/rover_control': CMAKE_PREFIX_PATH=${CMAKE_PREFIX_PATH}:/opt/ros/humble /usr/bin/cmake --build /home/joshua/Desktop/rocker_bogie_simulation/build/rover_control -- -j8 -l8
[0.049s] -- Found ament_cmake: 1.3.9 (/opt/ros/humble/share/ament_cmake/cmake)
[0.193s] -- Found controller_manager: 2.41.0 (/opt/ros/humble/share/controller_manager/cmake)
[0.241s] -- Found rosidl_generator_c: 3.1.5 (/opt/ros/humble/share/rosidl_generator_c/cmake)
[0.246s] -- Found rosidl_adapter: 3.1.5 (/opt/ros/humble/share/rosidl_adapter/cmake)
[0.255s] -- Found rosidl_generator_cpp: 3.1.5 (/opt/ros/humble/share/rosidl_generator_cpp/cmake)
[0.274s] -- Using all available rosidl_typesupport_c: rosidl_typesupport_fastrtps_c;rosidl_typesupport_introspection_c
[0.305s] -- Using all available rosidl_typesupport_cpp: rosidl_typesupport_fastrtps_cpp;rosidl_typesupport_introspection_cpp
[0.948s] -- Found rmw_implementation_cmake: 6.1.2 (/opt/ros/humble/share/rmw_implementation_cmake/cmake)
[0.950s] -- Found rmw_fastrtps_cpp: 6.2.6 (/opt/ros/humble/share/rmw_fastrtps_cpp/cmake)
[0.987s] -- Found TinyXML2 via Config file: TinyXML2_DIR-NOTFOUND
[0.997s] -- Found TinyXML2 via Config file: TinyXML2_DIR-NOTFOUND
[1.017s] -- Found TinyXML2 via Config file: TinyXML2_DIR-NOTFOUND
[1.024s] -- Found TinyXML2 via Config file: TinyXML2_DIR-NOTFOUND
[1.033s] -- Using RMW implementation 'rmw_fastrtps_cpp' as default
[1.617s] -- Found ros2_control: 2.41.0 (/opt/ros/humble/share/ros2_control/cmake)
[1.618s] -- Found ros2_controllers: 2.35.0 (/opt/ros/humble/share/ros2_controllers/cmake)
[1.618s] -- Found robot_state_publisher: 3.0.3 (/opt/ros/humble/share/robot_state_publisher/cmake)
[1.628s] -- Found eigen3_cmake_module: 0.1.1 (/opt/ros/humble/share/eigen3_cmake_module/cmake)
[1.630s] -- Ensuring Eigen3 include directory is part of orocos-kdl CMake target
[1.896s] -- Found ament_lint_auto: 0.12.11 (/opt/ros/humble/share/ament_lint_auto/cmake)
[1.964s] -- Added test 'flake8' to check Python code syntax and style conventions
[1.965s] -- Added test 'lint_cmake' to check CMake code style
[1.965s] -- Added test 'pep257' to check Python code against some of the docstring style conventions in PEP 257
[1.967s] -- Added test 'xmllint' to check XML markup files
[1.968s] -- Configuring done
[1.979s] -- Generating done
[1.981s] -- Build files have been written to: /home/joshua/Desktop/rocker_bogie_simulation/build/rover_control
[2.008s] Invoked command in '/home/joshua/Desktop/rocker_bogie_simulation/build/rover_control' returned '0': CMAKE_PREFIX_PATH=${CMAKE_PREFIX_PATH}:/opt/ros/humble /usr/bin/cmake --build /home/joshua/Desktop/rocker_bogie_simulation/build/rover_control -- -j8 -l8
[2.030s] Invoking command in '/home/joshua/Desktop/rocker_bogie_simulation/build/rover_control': CMAKE_PREFIX_PATH=${CMAKE_PREFIX_PATH}:/opt/ros/humble /usr/bin/cmake --install /home/joshua/Desktop/rocker_bogie_simulation/build/rover_control
[2.037s] -- Install configuration: ""
[2.038s] -- Installing: /home/joshua/Desktop/rocker_bogie_simulation/install/rover_control/share/rover_control/launch
[2.038s] -- Installing: /home/joshua/Desktop/rocker_bogie_simulation/install/rover_control/share/rover_control/launch/rover_control.py
[2.038s] -- Up-to-date: /home/joshua/Desktop/rocker_bogie_simulation/install/rover_control/share/ament_index/resource_index/package_run_dependencies/rover_control
[2.038s] -- Installing: /home/joshua/Desktop/rocker_bogie_simulation/install/rover_control/share/ament_index/resource_index/parent_prefix_path/rover_control
[2.038s] -- Up-to-date: /home/joshua/Desktop/rocker_bogie_simulation/install/rover_control/share/rover_control/environment/ament_prefix_path.sh
[2.038s] -- Installing: /home/joshua/Desktop/rocker_bogie_simulation/install/rover_control/share/rover_control/environment/ament_prefix_path.dsv
[2.038s] -- Up-to-date: /home/joshua/Desktop/rocker_bogie_simulation/install/rover_control/share/rover_control/environment/path.sh
[2.038s] -- Installing: /home/joshua/Desktop/rocker_bogie_simulation/install/rover_control/share/rover_control/environment/path.dsv
[2.039s] -- Up-to-date: /home/joshua/Desktop/rocker_bogie_simulation/install/rover_control/share/rover_control/local_setup.bash
[2.039s] -- Up-to-date: /home/joshua/Desktop/rocker_bogie_simulation/install/rover_control/share/rover_control/local_setup.sh
[2.039s] -- Up-to-date: /home/joshua/Desktop/rocker_bogie_simulation/install/rover_control/share/rover_control/local_setup.zsh
[2.039s] -- Installing: /home/joshua/Desktop/rocker_bogie_simulation/install/rover_control/share/rover_control/local_setup.dsv
[2.039s] -- Installing: /home/joshua/Desktop/rocker_bogie_simulation/install/rover_control/share/rover_control/package.dsv
[2.039s] -- Up-to-date: /home/joshua/Desktop/rocker_bogie_simulation/install/rover_control/share/ament_index/resource_index/packages/rover_control
[2.039s] -- Up-to-date: /home/joshua/Desktop/rocker_bogie_simulation/install/rover_control/share/rover_control/cmake/rover_controlConfig.cmake
[2.039s] -- Up-to-date: /home/joshua/Desktop/rocker_bogie_simulation/install/rover_control/share/rover_control/cmake/rover_controlConfig-version.cmake
[2.039s] -- Up-to-date: /home/joshua/Desktop/rocker_bogie_simulation/install/rover_control/share/rover_control/package.xml
[2.042s] Invoked command in '/home/joshua/Desktop/rocker_bogie_simulation/build/rover_control' returned '0': CMAKE_PREFIX_PATH=${CMAKE_PREFIX_PATH}:/opt/ros/humble /usr/bin/cmake --install /home/joshua/Desktop/rocker_bogie_simulation/build/rover_control
