[0.018s] Invoking command in '/home/joshua/Desktop/rocker_bogie_simulation/build/rover_gazebo': CMAKE_PREFIX_PATH=${CMAKE_PREFIX_PATH}:/opt/ros/humble /usr/bin/cmake --build /home/joshua/Desktop/rocker_bogie_simulation/build/rover_gazebo -- -j8 -l8
[0.077s] Invoked command in '/home/joshua/Desktop/rocker_bogie_simulation/build/rover_gazebo' returned '0': CMAKE_PREFIX_PATH=${CMAKE_PREFIX_PATH}:/opt/ros/humble /usr/bin/cmake --build /home/joshua/Desktop/rocker_bogie_simulation/build/rover_gazebo -- -j8 -l8
[0.104s] Invoking command in '/home/joshua/Desktop/rocker_bogie_simulation/build/rover_gazebo': CMAKE_PREFIX_PATH=${CMAKE_PREFIX_PATH}:/opt/ros/humble /usr/bin/cmake --install /home/joshua/Desktop/rocker_bogie_simulation/build/rover_gazebo
[0.114s] -- Install configuration: ""
[0.115s] -- Up-to-date: /home/joshua/Desktop/rocker_bogie_simulation/install/rover_gazebo/share/rover_gazebo/launch
[0.115s] -- Up-to-date: /home/joshua/Desktop/rocker_bogie_simulation/install/rover_gazebo/share/rover_gazebo/launch/rover_gazebo.py
[0.115s] -- Up-to-date: /home/joshua/Desktop/rocker_bogie_simulation/install/rover_gazebo/share/ament_index/resource_index/package_run_dependencies/rover_gazebo
[0.116s] -- Up-to-date: /home/joshua/Desktop/rocker_bogie_simulation/install/rover_gazebo/share/ament_index/resource_index/parent_prefix_path/rover_gazebo
[0.116s] -- Up-to-date: /home/joshua/Desktop/rocker_bogie_simulation/install/rover_gazebo/share/rover_gazebo/environment/ament_prefix_path.sh
[0.116s] -- Up-to-date: /home/joshua/Desktop/rocker_bogie_simulation/install/rover_gazebo/share/rover_gazebo/environment/ament_prefix_path.dsv
[0.116s] -- Up-to-date: /home/joshua/Desktop/rocker_bogie_simulation/install/rover_gazebo/share/rover_gazebo/environment/path.sh
[0.116s] -- Up-to-date: /home/joshua/Desktop/rocker_bogie_simulation/install/rover_gazebo/share/rover_gazebo/environment/path.dsv
[0.116s] -- Up-to-date: /home/joshua/Desktop/rocker_bogie_simulation/install/rover_gazebo/share/rover_gazebo/local_setup.bash
[0.117s] -- Up-to-date: /home/joshua/Desktop/rocker_bogie_simulation/install/rover_gazebo/share/rover_gazebo/local_setup.sh
[0.117s] -- Up-to-date: /home/joshua/Desktop/rocker_bogie_simulation/install/rover_gazebo/share/rover_gazebo/local_setup.zsh
[0.117s] -- Up-to-date: /home/joshua/Desktop/rocker_bogie_simulation/install/rover_gazebo/share/rover_gazebo/local_setup.dsv
[0.117s] -- Up-to-date: /home/joshua/Desktop/rocker_bogie_simulation/install/rover_gazebo/share/rover_gazebo/package.dsv
[0.117s] -- Up-to-date: /home/joshua/Desktop/rocker_bogie_simulation/install/rover_gazebo/share/ament_index/resource_index/packages/rover_gazebo
[0.117s] -- Up-to-date: /home/joshua/Desktop/rocker_bogie_simulation/install/rover_gazebo/share/rover_gazebo/cmake/rover_gazeboConfig.cmake
[0.118s] -- Up-to-date: /home/joshua/Desktop/rocker_bogie_simulation/install/rover_gazebo/share/rover_gazebo/cmake/rover_gazeboConfig-version.cmake
[0.119s] -- Up-to-date: /home/joshua/Desktop/rocker_bogie_simulation/install/rover_gazebo/share/rover_gazebo/package.xml
[0.138s] Invoked command in '/home/joshua/Desktop/rocker_bogie_simulation/build/rover_gazebo' returned '0': CMAKE_PREFIX_PATH=${CMAKE_PREFIX_PATH}:/opt/ros/humble /usr/bin/cmake --install /home/joshua/Desktop/rocker_bogie_simulation/build/rover_gazebo
