[0.119s] DEBUG:colcon:Command line arguments: ['/usr/bin/colcon', 'build']
[0.119s] DEBUG:colcon:Parsed command line arguments: Namespace(log_base=None, log_level=None, verb_name='build', build_base='build', install_base='install', merge_install=False, symlink_install=False, test_result_base=None, continue_on_error=False, executor='parallel', parallel_workers=8, event_handlers=None, ignore_user_meta=False, metas=['./colcon.meta'], base_paths=['.'], packages_ignore=None, packages_ignore_regex=None, paths=None, packages_up_to=None, packages_up_to_regex=None, packages_above=None, packages_above_and_dependencies=None, packages_above_depth=None, packages_select_by_dep=None, packages_skip_by_dep=None, packages_skip_up_to=None, packages_select_build_failed=False, packages_skip_build_finished=False, packages_select_test_failures=False, packages_skip_test_passed=False, packages_select=None, packages_skip=None, packages_select_regex=None, packages_skip_regex=None, packages_start=None, packages_end=None, allow_overriding=[], cmake_args=None, cmake_target=None, cmake_target_skip_unavailable=False, cmake_clean_cache=False, cmake_clean_first=False, cmake_force_configure=False, ament_cmake_args=None, catkin_cmake_args=None, catkin_skip_building_tests=False, mixin_files=None, mixin=None, verb_parser=<colcon_mixin.mixin.mixin_argument.MixinArgumentDecorator object at 0x7e27f4a25e10>, verb_extension=<colcon_core.verb.build.BuildVerb object at 0x7e27f49e4310>, main=<bound method BuildVerb.main of <colcon_core.verb.build.BuildVerb object at 0x7e27f49e4310>>, mixin_verb=('build',))
[0.294s] Level 1:colcon.colcon_core.package_discovery:discover_packages(colcon_meta) check parameters
[0.295s] Level 1:colcon.colcon_core.package_discovery:discover_packages(recursive) check parameters
[0.295s] Level 1:colcon.colcon_core.package_discovery:discover_packages(ignore) check parameters
[0.295s] Level 1:colcon.colcon_core.package_discovery:discover_packages(path) check parameters
[0.295s] Level 1:colcon.colcon_core.package_discovery:discover_packages(colcon_meta) discover
[0.295s] Level 1:colcon.colcon_core.package_discovery:discover_packages(recursive) discover
[0.295s] INFO:colcon.colcon_core.package_discovery:Crawling recursively for packages in '/home/joshua/Desktop/rocker_bogie_simulation'
[0.295s] Level 1:colcon.colcon_core.package_identification:_identify(.) by extensions ['ignore', 'ignore_ament_install']
[0.295s] Level 1:colcon.colcon_core.package_identification:_identify(.) by extension 'ignore'
[0.295s] Level 1:colcon.colcon_core.package_identification:_identify(.) by extension 'ignore_ament_install'
[0.295s] Level 1:colcon.colcon_core.package_identification:_identify(.) by extensions ['colcon_pkg']
[0.295s] Level 1:colcon.colcon_core.package_identification:_identify(.) by extension 'colcon_pkg'
[0.295s] Level 1:colcon.colcon_core.package_identification:_identify(.) by extensions ['colcon_meta']
[0.295s] Level 1:colcon.colcon_core.package_identification:_identify(.) by extension 'colcon_meta'
[0.295s] Level 1:colcon.colcon_core.package_identification:_identify(.) by extensions ['ros']
[0.295s] Level 1:colcon.colcon_core.package_identification:_identify(.) by extension 'ros'
[0.307s] Level 1:colcon.colcon_core.package_identification:_identify(.) by extensions ['cmake', 'python']
[0.307s] Level 1:colcon.colcon_core.package_identification:_identify(.) by extension 'cmake'
[0.307s] Level 1:colcon.colcon_core.package_identification:_identify(.) by extension 'python'
[0.307s] Level 1:colcon.colcon_core.package_identification:_identify(.) by extensions ['python_setup_py']
[0.307s] Level 1:colcon.colcon_core.package_identification:_identify(.) by extension 'python_setup_py'
[0.307s] Level 1:colcon.colcon_core.package_identification:_identify(build) by extensions ['ignore', 'ignore_ament_install']
[0.307s] Level 1:colcon.colcon_core.package_identification:_identify(build) by extension 'ignore'
[0.307s] Level 1:colcon.colcon_core.package_identification:_identify(build) ignored
[0.307s] Level 1:colcon.colcon_core.package_identification:_identify(install) by extensions ['ignore', 'ignore_ament_install']
[0.308s] Level 1:colcon.colcon_core.package_identification:_identify(install) by extension 'ignore'
[0.308s] Level 1:colcon.colcon_core.package_identification:_identify(install) ignored
[0.308s] Level 1:colcon.colcon_core.package_identification:_identify(log) by extensions ['ignore', 'ignore_ament_install']
[0.308s] Level 1:colcon.colcon_core.package_identification:_identify(log) by extension 'ignore'
[0.308s] Level 1:colcon.colcon_core.package_identification:_identify(log) ignored
[0.308s] Level 1:colcon.colcon_core.package_identification:_identify(src) by extensions ['ignore', 'ignore_ament_install']
[0.308s] Level 1:colcon.colcon_core.package_identification:_identify(src) by extension 'ignore'
[0.308s] Level 1:colcon.colcon_core.package_identification:_identify(src) by extension 'ignore_ament_install'
[0.308s] Level 1:colcon.colcon_core.package_identification:_identify(src) by extensions ['colcon_pkg']
[0.308s] Level 1:colcon.colcon_core.package_identification:_identify(src) by extension 'colcon_pkg'
[0.308s] Level 1:colcon.colcon_core.package_identification:_identify(src) by extensions ['colcon_meta']
[0.308s] Level 1:colcon.colcon_core.package_identification:_identify(src) by extension 'colcon_meta'
[0.308s] Level 1:colcon.colcon_core.package_identification:_identify(src) by extensions ['ros']
[0.308s] Level 1:colcon.colcon_core.package_identification:_identify(src) by extension 'ros'
[0.308s] Level 1:colcon.colcon_core.package_identification:_identify(src) by extensions ['cmake', 'python']
[0.308s] Level 1:colcon.colcon_core.package_identification:_identify(src) by extension 'cmake'
[0.308s] Level 1:colcon.colcon_core.package_identification:_identify(src) by extension 'python'
[0.308s] Level 1:colcon.colcon_core.package_identification:_identify(src) by extensions ['python_setup_py']
[0.308s] Level 1:colcon.colcon_core.package_identification:_identify(src) by extension 'python_setup_py'
[0.309s] Level 1:colcon.colcon_core.package_identification:_identify(src/rover_control) by extensions ['ignore', 'ignore_ament_install']
[0.309s] Level 1:colcon.colcon_core.package_identification:_identify(src/rover_control) by extension 'ignore'
[0.309s] Level 1:colcon.colcon_core.package_identification:_identify(src/rover_control) by extension 'ignore_ament_install'
[0.309s] Level 1:colcon.colcon_core.package_identification:_identify(src/rover_control) by extensions ['colcon_pkg']
[0.309s] Level 1:colcon.colcon_core.package_identification:_identify(src/rover_control) by extension 'colcon_pkg'
[0.309s] Level 1:colcon.colcon_core.package_identification:_identify(src/rover_control) by extensions ['colcon_meta']
[0.309s] Level 1:colcon.colcon_core.package_identification:_identify(src/rover_control) by extension 'colcon_meta'
[0.309s] Level 1:colcon.colcon_core.package_identification:_identify(src/rover_control) by extensions ['ros']
[0.309s] Level 1:colcon.colcon_core.package_identification:_identify(src/rover_control) by extension 'ros'
[0.312s] DEBUG:colcon.colcon_core.package_identification:Package 'src/rover_control' with type 'ros.ament_cmake' and name 'rover_control'
[0.312s] Level 1:colcon.colcon_core.package_identification:_identify(src/rover_description) by extensions ['ignore', 'ignore_ament_install']
[0.312s] Level 1:colcon.colcon_core.package_identification:_identify(src/rover_description) by extension 'ignore'
[0.312s] Level 1:colcon.colcon_core.package_identification:_identify(src/rover_description) by extension 'ignore_ament_install'
[0.312s] Level 1:colcon.colcon_core.package_identification:_identify(src/rover_description) by extensions ['colcon_pkg']
[0.312s] Level 1:colcon.colcon_core.package_identification:_identify(src/rover_description) by extension 'colcon_pkg'
[0.312s] Level 1:colcon.colcon_core.package_identification:_identify(src/rover_description) by extensions ['colcon_meta']
[0.312s] Level 1:colcon.colcon_core.package_identification:_identify(src/rover_description) by extension 'colcon_meta'
[0.312s] Level 1:colcon.colcon_core.package_identification:_identify(src/rover_description) by extensions ['ros']
[0.312s] Level 1:colcon.colcon_core.package_identification:_identify(src/rover_description) by extension 'ros'
[0.313s] DEBUG:colcon.colcon_core.package_identification:Package 'src/rover_description' with type 'ros.ament_cmake' and name 'rover_description'
[0.313s] Level 1:colcon.colcon_core.package_identification:_identify(src/rover_gazebo) by extensions ['ignore', 'ignore_ament_install']
[0.313s] Level 1:colcon.colcon_core.package_identification:_identify(src/rover_gazebo) by extension 'ignore'
[0.313s] Level 1:colcon.colcon_core.package_identification:_identify(src/rover_gazebo) by extension 'ignore_ament_install'
[0.313s] Level 1:colcon.colcon_core.package_identification:_identify(src/rover_gazebo) by extensions ['colcon_pkg']
[0.313s] Level 1:colcon.colcon_core.package_identification:_identify(src/rover_gazebo) by extension 'colcon_pkg'
[0.313s] Level 1:colcon.colcon_core.package_identification:_identify(src/rover_gazebo) by extensions ['colcon_meta']
[0.313s] Level 1:colcon.colcon_core.package_identification:_identify(src/rover_gazebo) by extension 'colcon_meta'
[0.313s] Level 1:colcon.colcon_core.package_identification:_identify(src/rover_gazebo) by extensions ['ros']
[0.313s] Level 1:colcon.colcon_core.package_identification:_identify(src/rover_gazebo) by extension 'ros'
[0.314s] DEBUG:colcon.colcon_core.package_identification:Package 'src/rover_gazebo' with type 'ros.ament_cmake' and name 'rover_gazebo'
[0.314s] Level 1:colcon.colcon_core.package_discovery:discover_packages(recursive) using defaults
[0.314s] Level 1:colcon.colcon_core.package_discovery:discover_packages(ignore) discover
[0.314s] Level 1:colcon.colcon_core.package_discovery:discover_packages(ignore) using defaults
[0.314s] Level 1:colcon.colcon_core.package_discovery:discover_packages(path) discover
[0.314s] Level 1:colcon.colcon_core.package_discovery:discover_packages(path) using defaults
[0.335s] Level 1:colcon.colcon_core.package_discovery:discover_packages(prefix_path) check parameters
[0.335s] Level 1:colcon.colcon_core.package_discovery:discover_packages(prefix_path) discover
[0.337s] DEBUG:colcon.colcon_installed_package_information.package_discovery:Found 3 installed packages in /home/joshua/Desktop/rocker_bogie_simulation/install
[0.338s] DEBUG:colcon.colcon_installed_package_information.package_discovery:Found 257 installed packages in /opt/ros/humble
[0.340s] Level 1:colcon.colcon_core.package_discovery:discover_packages(prefix_path) using defaults
[0.377s] Level 5:colcon.colcon_core.verb:set package 'rover_control' build argument 'cmake_args' from command line to 'None'
[0.377s] Level 5:colcon.colcon_core.verb:set package 'rover_control' build argument 'cmake_target' from command line to 'None'
[0.377s] Level 5:colcon.colcon_core.verb:set package 'rover_control' build argument 'cmake_target_skip_unavailable' from command line to 'False'
[0.377s] Level 5:colcon.colcon_core.verb:set package 'rover_control' build argument 'cmake_clean_cache' from command line to 'False'
[0.377s] Level 5:colcon.colcon_core.verb:set package 'rover_control' build argument 'cmake_clean_first' from command line to 'False'
[0.377s] Level 5:colcon.colcon_core.verb:set package 'rover_control' build argument 'cmake_force_configure' from command line to 'False'
[0.377s] Level 5:colcon.colcon_core.verb:set package 'rover_control' build argument 'ament_cmake_args' from command line to 'None'
[0.377s] Level 5:colcon.colcon_core.verb:set package 'rover_control' build argument 'catkin_cmake_args' from command line to 'None'
[0.377s] Level 5:colcon.colcon_core.verb:set package 'rover_control' build argument 'catkin_skip_building_tests' from command line to 'False'
[0.377s] DEBUG:colcon.colcon_core.verb:Building package 'rover_control' with the following arguments: {'ament_cmake_args': None, 'build_base': '/home/joshua/Desktop/rocker_bogie_simulation/build/rover_control', 'catkin_cmake_args': None, 'catkin_skip_building_tests': False, 'cmake_args': None, 'cmake_clean_cache': False, 'cmake_clean_first': False, 'cmake_force_configure': False, 'cmake_target': None, 'cmake_target_skip_unavailable': False, 'install_base': '/home/joshua/Desktop/rocker_bogie_simulation/install/rover_control', 'merge_install': False, 'path': '/home/joshua/Desktop/rocker_bogie_simulation/src/rover_control', 'symlink_install': False, 'test_result_base': None}
[0.378s] Level 5:colcon.colcon_core.verb:set package 'rover_description' build argument 'cmake_args' from command line to 'None'
[0.378s] Level 5:colcon.colcon_core.verb:set package 'rover_description' build argument 'cmake_target' from command line to 'None'
[0.378s] Level 5:colcon.colcon_core.verb:set package 'rover_description' build argument 'cmake_target_skip_unavailable' from command line to 'False'
[0.378s] Level 5:colcon.colcon_core.verb:set package 'rover_description' build argument 'cmake_clean_cache' from command line to 'False'
[0.378s] Level 5:colcon.colcon_core.verb:set package 'rover_description' build argument 'cmake_clean_first' from command line to 'False'
[0.378s] Level 5:colcon.colcon_core.verb:set package 'rover_description' build argument 'cmake_force_configure' from command line to 'False'
[0.378s] Level 5:colcon.colcon_core.verb:set package 'rover_description' build argument 'ament_cmake_args' from command line to 'None'
[0.378s] Level 5:colcon.colcon_core.verb:set package 'rover_description' build argument 'catkin_cmake_args' from command line to 'None'
[0.378s] Level 5:colcon.colcon_core.verb:set package 'rover_description' build argument 'catkin_skip_building_tests' from command line to 'False'
[0.378s] DEBUG:colcon.colcon_core.verb:Building package 'rover_description' with the following arguments: {'ament_cmake_args': None, 'build_base': '/home/joshua/Desktop/rocker_bogie_simulation/build/rover_description', 'catkin_cmake_args': None, 'catkin_skip_building_tests': False, 'cmake_args': None, 'cmake_clean_cache': False, 'cmake_clean_first': False, 'cmake_force_configure': False, 'cmake_target': None, 'cmake_target_skip_unavailable': False, 'install_base': '/home/joshua/Desktop/rocker_bogie_simulation/install/rover_description', 'merge_install': False, 'path': '/home/joshua/Desktop/rocker_bogie_simulation/src/rover_description', 'symlink_install': False, 'test_result_base': None}
[0.378s] Level 5:colcon.colcon_core.verb:set package 'rover_gazebo' build argument 'cmake_args' from command line to 'None'
[0.378s] Level 5:colcon.colcon_core.verb:set package 'rover_gazebo' build argument 'cmake_target' from command line to 'None'
[0.378s] Level 5:colcon.colcon_core.verb:set package 'rover_gazebo' build argument 'cmake_target_skip_unavailable' from command line to 'False'
[0.378s] Level 5:colcon.colcon_core.verb:set package 'rover_gazebo' build argument 'cmake_clean_cache' from command line to 'False'
[0.378s] Level 5:colcon.colcon_core.verb:set package 'rover_gazebo' build argument 'cmake_clean_first' from command line to 'False'
[0.378s] Level 5:colcon.colcon_core.verb:set package 'rover_gazebo' build argument 'cmake_force_configure' from command line to 'False'
[0.379s] Level 5:colcon.colcon_core.verb:set package 'rover_gazebo' build argument 'ament_cmake_args' from command line to 'None'
[0.379s] Level 5:colcon.colcon_core.verb:set package 'rover_gazebo' build argument 'catkin_cmake_args' from command line to 'None'
[0.379s] Level 5:colcon.colcon_core.verb:set package 'rover_gazebo' build argument 'catkin_skip_building_tests' from command line to 'False'
[0.379s] DEBUG:colcon.colcon_core.verb:Building package 'rover_gazebo' with the following arguments: {'ament_cmake_args': None, 'build_base': '/home/joshua/Desktop/rocker_bogie_simulation/build/rover_gazebo', 'catkin_cmake_args': None, 'catkin_skip_building_tests': False, 'cmake_args': None, 'cmake_clean_cache': False, 'cmake_clean_first': False, 'cmake_force_configure': False, 'cmake_target': None, 'cmake_target_skip_unavailable': False, 'install_base': '/home/joshua/Desktop/rocker_bogie_simulation/install/rover_gazebo', 'merge_install': False, 'path': '/home/joshua/Desktop/rocker_bogie_simulation/src/rover_gazebo', 'symlink_install': False, 'test_result_base': None}
[0.379s] INFO:colcon.colcon_core.executor:Executing jobs using 'parallel' executor
[0.380s] DEBUG:colcon.colcon_parallel_executor.executor.parallel:run_until_complete
[0.380s] INFO:colcon.colcon_ros.task.ament_cmake.build:Building ROS package in '/home/joshua/Desktop/rocker_bogie_simulation/src/rover_control' with build type 'ament_cmake'
[0.380s] INFO:colcon.colcon_cmake.task.cmake.build:Building CMake package in '/home/joshua/Desktop/rocker_bogie_simulation/src/rover_control'
[0.384s] INFO:colcon.colcon_core.plugin_system:Skipping extension 'colcon_core.shell.bat': Not used on non-Windows systems
[0.384s] INFO:colcon.colcon_core.shell:Skip shell extension 'powershell' for command environment: Not usable outside of PowerShell
[0.384s] DEBUG:colcon.colcon_core.shell:Skip shell extension 'dsv' for command environment
[0.387s] INFO:colcon.colcon_ros.task.ament_cmake.build:Building ROS package in '/home/joshua/Desktop/rocker_bogie_simulation/src/rover_description' with build type 'ament_cmake'
[0.387s] INFO:colcon.colcon_cmake.task.cmake.build:Building CMake package in '/home/joshua/Desktop/rocker_bogie_simulation/src/rover_description'
[0.388s] INFO:colcon.colcon_core.shell:Skip shell extension 'powershell' for command environment: Not usable outside of PowerShell
[0.388s] DEBUG:colcon.colcon_core.shell:Skip shell extension 'dsv' for command environment
[0.390s] INFO:colcon.colcon_ros.task.ament_cmake.build:Building ROS package in '/home/joshua/Desktop/rocker_bogie_simulation/src/rover_gazebo' with build type 'ament_cmake'
[0.390s] INFO:colcon.colcon_cmake.task.cmake.build:Building CMake package in '/home/joshua/Desktop/rocker_bogie_simulation/src/rover_gazebo'
[0.390s] INFO:colcon.colcon_core.shell:Skip shell extension 'powershell' for command environment: Not usable outside of PowerShell
[0.390s] DEBUG:colcon.colcon_core.shell:Skip shell extension 'dsv' for command environment
[0.399s] DEBUG:colcon.colcon_core.event_handler.log_command:Invoking command in '/home/joshua/Desktop/rocker_bogie_simulation/build/rover_control': CMAKE_PREFIX_PATH=${CMAKE_PREFIX_PATH}:/opt/ros/humble /usr/bin/cmake --build /home/joshua/Desktop/rocker_bogie_simulation/build/rover_control -- -j8 -l8
[0.403s] DEBUG:colcon.colcon_core.event_handler.log_command:Invoking command in '/home/joshua/Desktop/rocker_bogie_simulation/build/rover_description': CMAKE_PREFIX_PATH=${CMAKE_PREFIX_PATH}:/opt/ros/humble /usr/bin/cmake --build /home/joshua/Desktop/rocker_bogie_simulation/build/rover_description -- -j8 -l8
[0.409s] DEBUG:colcon.colcon_core.event_handler.log_command:Invoking command in '/home/joshua/Desktop/rocker_bogie_simulation/build/rover_gazebo': CMAKE_PREFIX_PATH=${CMAKE_PREFIX_PATH}:/opt/ros/humble /usr/bin/cmake --build /home/joshua/Desktop/rocker_bogie_simulation/build/rover_gazebo -- -j8 -l8
[0.452s] DEBUG:colcon.colcon_core.event_handler.log_command:Invoked command in '/home/joshua/Desktop/rocker_bogie_simulation/build/rover_description' returned '0': CMAKE_PREFIX_PATH=${CMAKE_PREFIX_PATH}:/opt/ros/humble /usr/bin/cmake --build /home/joshua/Desktop/rocker_bogie_simulation/build/rover_description -- -j8 -l8
[0.463s] DEBUG:colcon.colcon_core.event_handler.log_command:Invoked command in '/home/joshua/Desktop/rocker_bogie_simulation/build/rover_control' returned '0': CMAKE_PREFIX_PATH=${CMAKE_PREFIX_PATH}:/opt/ros/humble /usr/bin/cmake --build /home/joshua/Desktop/rocker_bogie_simulation/build/rover_control -- -j8 -l8
[0.468s] DEBUG:colcon.colcon_core.event_handler.log_command:Invoked command in '/home/joshua/Desktop/rocker_bogie_simulation/build/rover_gazebo' returned '0': CMAKE_PREFIX_PATH=${CMAKE_PREFIX_PATH}:/opt/ros/humble /usr/bin/cmake --build /home/joshua/Desktop/rocker_bogie_simulation/build/rover_gazebo -- -j8 -l8
[0.486s] DEBUG:colcon.colcon_core.event_handler.log_command:Invoking command in '/home/joshua/Desktop/rocker_bogie_simulation/build/rover_description': CMAKE_PREFIX_PATH=${CMAKE_PREFIX_PATH}:/opt/ros/humble /usr/bin/cmake --install /home/joshua/Desktop/rocker_bogie_simulation/build/rover_description
[0.489s] DEBUG:colcon.colcon_core.event_handler.log_command:Invoking command in '/home/joshua/Desktop/rocker_bogie_simulation/build/rover_control': CMAKE_PREFIX_PATH=${CMAKE_PREFIX_PATH}:/opt/ros/humble /usr/bin/cmake --install /home/joshua/Desktop/rocker_bogie_simulation/build/rover_control
[0.495s] DEBUG:colcon.colcon_core.event_handler.log_command:Invoking command in '/home/joshua/Desktop/rocker_bogie_simulation/build/rover_gazebo': CMAKE_PREFIX_PATH=${CMAKE_PREFIX_PATH}:/opt/ros/humble /usr/bin/cmake --install /home/joshua/Desktop/rocker_bogie_simulation/build/rover_gazebo
[0.500s] Level 1:colcon.colcon_core.environment:create_environment_scripts_only(rover_description)
[0.504s] DEBUG:colcon.colcon_core.event_handler.log_command:Invoked command in '/home/joshua/Desktop/rocker_bogie_simulation/build/rover_description' returned '0': CMAKE_PREFIX_PATH=${CMAKE_PREFIX_PATH}:/opt/ros/humble /usr/bin/cmake --install /home/joshua/Desktop/rocker_bogie_simulation/build/rover_description
[0.508s] Level 1:colcon.colcon_core.environment:checking '/home/joshua/Desktop/rocker_bogie_simulation/install/rover_description' for CMake module files
[0.509s] Level 1:colcon.colcon_core.environment:checking '/home/joshua/Desktop/rocker_bogie_simulation/install/rover_description' for CMake config files
[0.510s] Level 1:colcon.colcon_core.shell:create_environment_hook('rover_description', 'cmake_prefix_path')
[0.510s] INFO:colcon.colcon_core.shell:Creating environment hook '/home/joshua/Desktop/rocker_bogie_simulation/install/rover_description/share/rover_description/hook/cmake_prefix_path.ps1'
[0.511s] INFO:colcon.colcon_core.shell:Creating environment descriptor '/home/joshua/Desktop/rocker_bogie_simulation/install/rover_description/share/rover_description/hook/cmake_prefix_path.dsv'
[0.512s] INFO:colcon.colcon_core.shell:Creating environment hook '/home/joshua/Desktop/rocker_bogie_simulation/install/rover_description/share/rover_description/hook/cmake_prefix_path.sh'
[0.513s] Level 1:colcon.colcon_core.environment:checking '/home/joshua/Desktop/rocker_bogie_simulation/install/rover_description/bin'
[0.513s] Level 1:colcon.colcon_core.environment:checking '/home/joshua/Desktop/rocker_bogie_simulation/install/rover_description/lib/pkgconfig/rover_description.pc'
[0.513s] Level 1:colcon.colcon_core.environment:checking '/home/joshua/Desktop/rocker_bogie_simulation/install/rover_description/lib/python3.10/site-packages'
[0.513s] Level 1:colcon.colcon_core.environment:checking '/home/joshua/Desktop/rocker_bogie_simulation/install/rover_description/bin'
[0.514s] INFO:colcon.colcon_core.shell:Creating package script '/home/joshua/Desktop/rocker_bogie_simulation/install/rover_description/share/rover_description/package.ps1'
[0.516s] INFO:colcon.colcon_core.shell:Creating package descriptor '/home/joshua/Desktop/rocker_bogie_simulation/install/rover_description/share/rover_description/package.dsv'
[0.516s] INFO:colcon.colcon_core.shell:Creating package script '/home/joshua/Desktop/rocker_bogie_simulation/install/rover_description/share/rover_description/package.sh'
[0.517s] INFO:colcon.colcon_core.shell:Creating package script '/home/joshua/Desktop/rocker_bogie_simulation/install/rover_description/share/rover_description/package.bash'
[0.519s] INFO:colcon.colcon_core.shell:Creating package script '/home/joshua/Desktop/rocker_bogie_simulation/install/rover_description/share/rover_description/package.zsh'
[0.519s] Level 1:colcon.colcon_core.environment:create_file_with_runtime_dependencies(/home/joshua/Desktop/rocker_bogie_simulation/install/rover_description/share/colcon-core/packages/rover_description)
[0.521s] Level 1:colcon.colcon_core.environment:create_environment_scripts_only(rover_control)
[0.521s] Level 1:colcon.colcon_core.environment:checking '/home/joshua/Desktop/rocker_bogie_simulation/install/rover_control' for CMake module files
[0.522s] DEBUG:colcon.colcon_core.event_handler.log_command:Invoked command in '/home/joshua/Desktop/rocker_bogie_simulation/build/rover_control' returned '0': CMAKE_PREFIX_PATH=${CMAKE_PREFIX_PATH}:/opt/ros/humble /usr/bin/cmake --install /home/joshua/Desktop/rocker_bogie_simulation/build/rover_control
[0.522s] Level 1:colcon.colcon_core.environment:checking '/home/joshua/Desktop/rocker_bogie_simulation/install/rover_control' for CMake config files
[0.523s] Level 1:colcon.colcon_core.shell:create_environment_hook('rover_control', 'cmake_prefix_path')
[0.523s] INFO:colcon.colcon_core.shell:Creating environment hook '/home/joshua/Desktop/rocker_bogie_simulation/install/rover_control/share/rover_control/hook/cmake_prefix_path.ps1'
[0.523s] INFO:colcon.colcon_core.shell:Creating environment descriptor '/home/joshua/Desktop/rocker_bogie_simulation/install/rover_control/share/rover_control/hook/cmake_prefix_path.dsv'
[0.524s] INFO:colcon.colcon_core.shell:Creating environment hook '/home/joshua/Desktop/rocker_bogie_simulation/install/rover_control/share/rover_control/hook/cmake_prefix_path.sh'
[0.524s] Level 1:colcon.colcon_core.environment:checking '/home/joshua/Desktop/rocker_bogie_simulation/install/rover_control/bin'
[0.524s] Level 1:colcon.colcon_core.environment:checking '/home/joshua/Desktop/rocker_bogie_simulation/install/rover_control/lib/pkgconfig/rover_control.pc'
[0.524s] Level 1:colcon.colcon_core.environment:checking '/home/joshua/Desktop/rocker_bogie_simulation/install/rover_control/lib/python3.10/site-packages'
[0.524s] Level 1:colcon.colcon_core.environment:checking '/home/joshua/Desktop/rocker_bogie_simulation/install/rover_control/bin'
[0.525s] INFO:colcon.colcon_core.shell:Creating package script '/home/joshua/Desktop/rocker_bogie_simulation/install/rover_control/share/rover_control/package.ps1'
[0.525s] INFO:colcon.colcon_core.shell:Creating package descriptor '/home/joshua/Desktop/rocker_bogie_simulation/install/rover_control/share/rover_control/package.dsv'
[0.525s] INFO:colcon.colcon_core.shell:Creating package script '/home/joshua/Desktop/rocker_bogie_simulation/install/rover_control/share/rover_control/package.sh'
[0.526s] INFO:colcon.colcon_core.shell:Creating package script '/home/joshua/Desktop/rocker_bogie_simulation/install/rover_control/share/rover_control/package.bash'
[0.526s] INFO:colcon.colcon_core.shell:Creating package script '/home/joshua/Desktop/rocker_bogie_simulation/install/rover_control/share/rover_control/package.zsh'
[0.526s] Level 1:colcon.colcon_core.environment:create_file_with_runtime_dependencies(/home/joshua/Desktop/rocker_bogie_simulation/install/rover_control/share/colcon-core/packages/rover_control)
[0.527s] Level 1:colcon.colcon_core.environment:create_environment_scripts_only(rover_gazebo)
[0.528s] Level 1:colcon.colcon_core.environment:checking '/home/joshua/Desktop/rocker_bogie_simulation/install/rover_gazebo' for CMake module files
[0.529s] DEBUG:colcon.colcon_core.event_handler.log_command:Invoked command in '/home/joshua/Desktop/rocker_bogie_simulation/build/rover_gazebo' returned '0': CMAKE_PREFIX_PATH=${CMAKE_PREFIX_PATH}:/opt/ros/humble /usr/bin/cmake --install /home/joshua/Desktop/rocker_bogie_simulation/build/rover_gazebo
[0.529s] Level 1:colcon.colcon_core.environment:checking '/home/joshua/Desktop/rocker_bogie_simulation/install/rover_gazebo' for CMake config files
[0.530s] Level 1:colcon.colcon_core.shell:create_environment_hook('rover_gazebo', 'cmake_prefix_path')
[0.530s] INFO:colcon.colcon_core.shell:Creating environment hook '/home/joshua/Desktop/rocker_bogie_simulation/install/rover_gazebo/share/rover_gazebo/hook/cmake_prefix_path.ps1'
[0.531s] INFO:colcon.colcon_core.shell:Creating environment descriptor '/home/joshua/Desktop/rocker_bogie_simulation/install/rover_gazebo/share/rover_gazebo/hook/cmake_prefix_path.dsv'
[0.531s] INFO:colcon.colcon_core.shell:Creating environment hook '/home/joshua/Desktop/rocker_bogie_simulation/install/rover_gazebo/share/rover_gazebo/hook/cmake_prefix_path.sh'
[0.532s] Level 1:colcon.colcon_core.environment:checking '/home/joshua/Desktop/rocker_bogie_simulation/install/rover_gazebo/bin'
[0.532s] Level 1:colcon.colcon_core.environment:checking '/home/joshua/Desktop/rocker_bogie_simulation/install/rover_gazebo/lib/pkgconfig/rover_gazebo.pc'
[0.532s] Level 1:colcon.colcon_core.environment:checking '/home/joshua/Desktop/rocker_bogie_simulation/install/rover_gazebo/lib/python3.10/site-packages'
[0.532s] Level 1:colcon.colcon_core.environment:checking '/home/joshua/Desktop/rocker_bogie_simulation/install/rover_gazebo/bin'
[0.532s] INFO:colcon.colcon_core.shell:Creating package script '/home/joshua/Desktop/rocker_bogie_simulation/install/rover_gazebo/share/rover_gazebo/package.ps1'
[0.533s] INFO:colcon.colcon_core.shell:Creating package descriptor '/home/joshua/Desktop/rocker_bogie_simulation/install/rover_gazebo/share/rover_gazebo/package.dsv'
[0.533s] INFO:colcon.colcon_core.shell:Creating package script '/home/joshua/Desktop/rocker_bogie_simulation/install/rover_gazebo/share/rover_gazebo/package.sh'
[0.534s] INFO:colcon.colcon_core.shell:Creating package script '/home/joshua/Desktop/rocker_bogie_simulation/install/rover_gazebo/share/rover_gazebo/package.bash'
[0.534s] INFO:colcon.colcon_core.shell:Creating package script '/home/joshua/Desktop/rocker_bogie_simulation/install/rover_gazebo/share/rover_gazebo/package.zsh'
[0.534s] Level 1:colcon.colcon_core.environment:create_file_with_runtime_dependencies(/home/joshua/Desktop/rocker_bogie_simulation/install/rover_gazebo/share/colcon-core/packages/rover_gazebo)
[0.543s] Level 1:colcon.colcon_core.environment:create_environment_scripts_only(rover_description)
[0.543s] Level 1:colcon.colcon_core.environment:checking '/home/joshua/Desktop/rocker_bogie_simulation/install/rover_description' for CMake module files
[0.544s] Level 1:colcon.colcon_core.environment:checking '/home/joshua/Desktop/rocker_bogie_simulation/install/rover_description' for CMake config files
[0.544s] Level 1:colcon.colcon_core.shell:create_environment_hook('rover_description', 'cmake_prefix_path')
[0.544s] INFO:colcon.colcon_core.shell:Creating environment hook '/home/joshua/Desktop/rocker_bogie_simulation/install/rover_description/share/rover_description/hook/cmake_prefix_path.ps1'
[0.545s] INFO:colcon.colcon_core.shell:Creating environment descriptor '/home/joshua/Desktop/rocker_bogie_simulation/install/rover_description/share/rover_description/hook/cmake_prefix_path.dsv'
[0.545s] INFO:colcon.colcon_core.shell:Creating environment hook '/home/joshua/Desktop/rocker_bogie_simulation/install/rover_description/share/rover_description/hook/cmake_prefix_path.sh'
[0.546s] Level 1:colcon.colcon_core.environment:checking '/home/joshua/Desktop/rocker_bogie_simulation/install/rover_description/bin'
[0.546s] Level 1:colcon.colcon_core.environment:checking '/home/joshua/Desktop/rocker_bogie_simulation/install/rover_description/lib/pkgconfig/rover_description.pc'
[0.546s] Level 1:colcon.colcon_core.environment:checking '/home/joshua/Desktop/rocker_bogie_simulation/install/rover_description/lib/python3.10/site-packages'
[0.546s] Level 1:colcon.colcon_core.environment:checking '/home/joshua/Desktop/rocker_bogie_simulation/install/rover_description/bin'
[0.547s] INFO:colcon.colcon_core.shell:Creating package script '/home/joshua/Desktop/rocker_bogie_simulation/install/rover_description/share/rover_description/package.ps1'
[0.547s] INFO:colcon.colcon_core.shell:Creating package descriptor '/home/joshua/Desktop/rocker_bogie_simulation/install/rover_description/share/rover_description/package.dsv'
[0.548s] INFO:colcon.colcon_core.shell:Creating package script '/home/joshua/Desktop/rocker_bogie_simulation/install/rover_description/share/rover_description/package.sh'
[0.549s] INFO:colcon.colcon_core.shell:Creating package script '/home/joshua/Desktop/rocker_bogie_simulation/install/rover_description/share/rover_description/package.bash'
[0.549s] INFO:colcon.colcon_core.shell:Creating package script '/home/joshua/Desktop/rocker_bogie_simulation/install/rover_description/share/rover_description/package.zsh'
[0.550s] Level 1:colcon.colcon_core.environment:create_file_with_runtime_dependencies(/home/joshua/Desktop/rocker_bogie_simulation/install/rover_description/share/colcon-core/packages/rover_description)
[0.551s] Level 1:colcon.colcon_core.environment:create_environment_scripts_only(rover_control)
[0.552s] Level 1:colcon.colcon_core.environment:checking '/home/joshua/Desktop/rocker_bogie_simulation/install/rover_control' for CMake module files
[0.552s] Level 1:colcon.colcon_core.environment:checking '/home/joshua/Desktop/rocker_bogie_simulation/install/rover_control' for CMake config files
[0.553s] Level 1:colcon.colcon_core.shell:create_environment_hook('rover_control', 'cmake_prefix_path')
[0.553s] INFO:colcon.colcon_core.shell:Creating environment hook '/home/joshua/Desktop/rocker_bogie_simulation/install/rover_control/share/rover_control/hook/cmake_prefix_path.ps1'
[0.554s] INFO:colcon.colcon_core.shell:Creating environment descriptor '/home/joshua/Desktop/rocker_bogie_simulation/install/rover_control/share/rover_control/hook/cmake_prefix_path.dsv'
[0.554s] INFO:colcon.colcon_core.shell:Creating environment hook '/home/joshua/Desktop/rocker_bogie_simulation/install/rover_control/share/rover_control/hook/cmake_prefix_path.sh'
[0.554s] Level 1:colcon.colcon_core.environment:checking '/home/joshua/Desktop/rocker_bogie_simulation/install/rover_control/bin'
[0.554s] Level 1:colcon.colcon_core.environment:checking '/home/joshua/Desktop/rocker_bogie_simulation/install/rover_control/lib/pkgconfig/rover_control.pc'
[0.555s] Level 1:colcon.colcon_core.environment:checking '/home/joshua/Desktop/rocker_bogie_simulation/install/rover_control/lib/python3.10/site-packages'
[0.555s] Level 1:colcon.colcon_core.environment:checking '/home/joshua/Desktop/rocker_bogie_simulation/install/rover_control/bin'
[0.555s] INFO:colcon.colcon_core.shell:Creating package script '/home/joshua/Desktop/rocker_bogie_simulation/install/rover_control/share/rover_control/package.ps1'
[0.556s] INFO:colcon.colcon_core.shell:Creating package descriptor '/home/joshua/Desktop/rocker_bogie_simulation/install/rover_control/share/rover_control/package.dsv'
[0.556s] INFO:colcon.colcon_core.shell:Creating package script '/home/joshua/Desktop/rocker_bogie_simulation/install/rover_control/share/rover_control/package.sh'
[0.557s] INFO:colcon.colcon_core.shell:Creating package script '/home/joshua/Desktop/rocker_bogie_simulation/install/rover_control/share/rover_control/package.bash'
[0.557s] INFO:colcon.colcon_core.shell:Creating package script '/home/joshua/Desktop/rocker_bogie_simulation/install/rover_control/share/rover_control/package.zsh'
[0.557s] Level 1:colcon.colcon_core.environment:create_file_with_runtime_dependencies(/home/joshua/Desktop/rocker_bogie_simulation/install/rover_control/share/colcon-core/packages/rover_control)
[0.562s] Level 1:colcon.colcon_core.environment:create_environment_scripts_only(rover_gazebo)
[0.562s] Level 1:colcon.colcon_core.environment:checking '/home/joshua/Desktop/rocker_bogie_simulation/install/rover_gazebo' for CMake module files
[0.563s] Level 1:colcon.colcon_core.environment:checking '/home/joshua/Desktop/rocker_bogie_simulation/install/rover_gazebo' for CMake config files
[0.564s] Level 1:colcon.colcon_core.shell:create_environment_hook('rover_gazebo', 'cmake_prefix_path')
[0.564s] INFO:colcon.colcon_core.shell:Creating environment hook '/home/joshua/Desktop/rocker_bogie_simulation/install/rover_gazebo/share/rover_gazebo/hook/cmake_prefix_path.ps1'
[0.564s] INFO:colcon.colcon_core.shell:Creating environment descriptor '/home/joshua/Desktop/rocker_bogie_simulation/install/rover_gazebo/share/rover_gazebo/hook/cmake_prefix_path.dsv'
[0.564s] INFO:colcon.colcon_core.shell:Creating environment hook '/home/joshua/Desktop/rocker_bogie_simulation/install/rover_gazebo/share/rover_gazebo/hook/cmake_prefix_path.sh'
[0.565s] Level 1:colcon.colcon_core.environment:checking '/home/joshua/Desktop/rocker_bogie_simulation/install/rover_gazebo/bin'
[0.565s] Level 1:colcon.colcon_core.environment:checking '/home/joshua/Desktop/rocker_bogie_simulation/install/rover_gazebo/lib/pkgconfig/rover_gazebo.pc'
[0.565s] Level 1:colcon.colcon_core.environment:checking '/home/joshua/Desktop/rocker_bogie_simulation/install/rover_gazebo/lib/python3.10/site-packages'
[0.566s] Level 1:colcon.colcon_core.environment:checking '/home/joshua/Desktop/rocker_bogie_simulation/install/rover_gazebo/bin'
[0.566s] INFO:colcon.colcon_core.shell:Creating package script '/home/joshua/Desktop/rocker_bogie_simulation/install/rover_gazebo/share/rover_gazebo/package.ps1'
[0.566s] INFO:colcon.colcon_core.shell:Creating package descriptor '/home/joshua/Desktop/rocker_bogie_simulation/install/rover_gazebo/share/rover_gazebo/package.dsv'
[0.567s] INFO:colcon.colcon_core.shell:Creating package script '/home/joshua/Desktop/rocker_bogie_simulation/install/rover_gazebo/share/rover_gazebo/package.sh'
[0.567s] INFO:colcon.colcon_core.shell:Creating package script '/home/joshua/Desktop/rocker_bogie_simulation/install/rover_gazebo/share/rover_gazebo/package.bash'
[0.567s] INFO:colcon.colcon_core.shell:Creating package script '/home/joshua/Desktop/rocker_bogie_simulation/install/rover_gazebo/share/rover_gazebo/package.zsh'
[0.568s] Level 1:colcon.colcon_core.environment:create_file_with_runtime_dependencies(/home/joshua/Desktop/rocker_bogie_simulation/install/rover_gazebo/share/colcon-core/packages/rover_gazebo)
[0.568s] DEBUG:colcon.colcon_parallel_executor.executor.parallel:closing loop
[0.568s] DEBUG:colcon.colcon_parallel_executor.executor.parallel:loop closed
[0.568s] DEBUG:colcon.colcon_parallel_executor.executor.parallel:run_until_complete finished with '0'
[0.568s] DEBUG:colcon.colcon_core.event_reactor:joining thread
[0.574s] INFO:colcon.colcon_core.plugin_system:Skipping extension 'colcon_notification.desktop_notification.terminal_notifier': Not used on non-Darwin systems
[0.574s] INFO:colcon.colcon_core.plugin_system:Skipping extension 'colcon_notification.desktop_notification.win32': Not used on non-Windows systems
[0.574s] INFO:colcon.colcon_notification.desktop_notification:Sending desktop notification using 'notify2'
[0.591s] DEBUG:colcon.colcon_core.event_reactor:joined thread
[0.591s] INFO:colcon.colcon_core.shell:Creating prefix script '/home/joshua/Desktop/rocker_bogie_simulation/install/local_setup.ps1'
[0.592s] INFO:colcon.colcon_core.shell:Creating prefix util module '/home/joshua/Desktop/rocker_bogie_simulation/install/_local_setup_util_ps1.py'
[0.593s] INFO:colcon.colcon_core.shell:Creating prefix chain script '/home/joshua/Desktop/rocker_bogie_simulation/install/setup.ps1'
[0.594s] INFO:colcon.colcon_core.shell:Creating prefix script '/home/joshua/Desktop/rocker_bogie_simulation/install/local_setup.sh'
[0.595s] INFO:colcon.colcon_core.shell:Creating prefix util module '/home/joshua/Desktop/rocker_bogie_simulation/install/_local_setup_util_sh.py'
[0.596s] INFO:colcon.colcon_core.shell:Creating prefix chain script '/home/joshua/Desktop/rocker_bogie_simulation/install/setup.sh'
[0.597s] INFO:colcon.colcon_core.shell:Creating prefix script '/home/joshua/Desktop/rocker_bogie_simulation/install/local_setup.bash'
[0.597s] INFO:colcon.colcon_core.shell:Creating prefix chain script '/home/joshua/Desktop/rocker_bogie_simulation/install/setup.bash'
[0.598s] INFO:colcon.colcon_core.shell:Creating prefix script '/home/joshua/Desktop/rocker_bogie_simulation/install/local_setup.zsh'
[0.599s] INFO:colcon.colcon_core.shell:Creating prefix chain script '/home/joshua/Desktop/rocker_bogie_simulation/install/setup.zsh'
