[0.014s] Invoking command in '/home/joshua/Desktop/rocker_bogie_simulation/build/rover_description': CMAKE_PREFIX_PATH=${CMAKE_PREFIX_PATH}:/opt/ros/humble /usr/bin/cmake --build /home/joshua/Desktop/rocker_bogie_simulation/build/rover_description -- -j8 -l8
[0.056s] Invoked command in '/home/joshua/Desktop/rocker_bogie_simulation/build/rover_description' returned '0': CMAKE_PREFIX_PATH=${CMAKE_PREFIX_PATH}:/opt/ros/humble /usr/bin/cmake --build /home/joshua/Desktop/rocker_bogie_simulation/build/rover_description -- -j8 -l8
[0.090s] Invoking command in '/home/joshua/Desktop/rocker_bogie_simulation/build/rover_description': CMAKE_PREFIX_PATH=${CMAKE_PREFIX_PATH}:/opt/ros/humble /usr/bin/cmake --install /home/joshua/Desktop/rocker_bogie_simulation/build/rover_description
[0.097s] -- Install configuration: ""
[0.097s] -- Up-to-date: /home/joshua/Desktop/rocker_bogie_simulation/install/rover_description/share/rover_description/
[0.097s] -- Up-to-date: /home/joshua/Desktop/rocker_bogie_simulation/install/rover_description/share/ament_index/resource_index/package_run_dependencies/rover_description
[0.098s] -- Up-to-date: /home/joshua/Desktop/rocker_bogie_simulation/install/rover_description/share/ament_index/resource_index/parent_prefix_path/rover_description
[0.098s] -- Up-to-date: /home/joshua/Desktop/rocker_bogie_simulation/install/rover_description/share/rover_description/environment/ament_prefix_path.sh
[0.098s] -- Up-to-date: /home/joshua/Desktop/rocker_bogie_simulation/install/rover_description/share/rover_description/environment/ament_prefix_path.dsv
[0.098s] -- Up-to-date: /home/joshua/Desktop/rocker_bogie_simulation/install/rover_description/share/rover_description/environment/path.sh
[0.098s] -- Up-to-date: /home/joshua/Desktop/rocker_bogie_simulation/install/rover_description/share/rover_description/environment/path.dsv
[0.098s] -- Up-to-date: /home/joshua/Desktop/rocker_bogie_simulation/install/rover_description/share/rover_description/local_setup.bash
[0.098s] -- Up-to-date: /home/joshua/Desktop/rocker_bogie_simulation/install/rover_description/share/rover_description/local_setup.sh
[0.098s] -- Up-to-date: /home/joshua/Desktop/rocker_bogie_simulation/install/rover_description/share/rover_description/local_setup.zsh
[0.098s] -- Up-to-date: /home/joshua/Desktop/rocker_bogie_simulation/install/rover_description/share/rover_description/local_setup.dsv
[0.098s] -- Installing: /home/joshua/Desktop/rocker_bogie_simulation/install/rover_description/share/rover_description/package.dsv
[0.098s] -- Up-to-date: /home/joshua/Desktop/rocker_bogie_simulation/install/rover_description/share/ament_index/resource_index/packages/rover_description
[0.099s] -- Up-to-date: /home/joshua/Desktop/rocker_bogie_simulation/install/rover_description/share/rover_description/cmake/rover_descriptionConfig.cmake
[0.099s] -- Up-to-date: /home/joshua/Desktop/rocker_bogie_simulation/install/rover_description/share/rover_description/cmake/rover_descriptionConfig-version.cmake
[0.099s] -- Up-to-date: /home/joshua/Desktop/rocker_bogie_simulation/install/rover_description/share/rover_description/package.xml
[0.100s] Invoked command in '/home/joshua/Desktop/rocker_bogie_simulation/build/rover_description' returned '0': CMAKE_PREFIX_PATH=${CMAKE_PREFIX_PATH}:/opt/ros/humble /usr/bin/cmake --install /home/joshua/Desktop/rocker_bogie_simulation/build/rover_description
